[2021-11-09 19:44:24 锟杰讹拷] : Sytem is starting...
[2021-11-09 19:44:24 锟杰讹拷] : Sytem is started successfully.
[2021-11-09 19:48:50 锟杰讹拷] : Sytem is starting...
[2021-11-09 19:48:50 锟杰讹拷] : Sytem is started successfully.
[2021-11-09 19:48:56 锟杰讹拷] : Failed to login with root
[2021-11-09 19:49:02 锟杰讹拷] : Login successfully with admin
[2021-11-09 19:49:06 锟杰讹拷] : Login successfully with admin
[2021-11-09 19:49:09 锟杰讹拷] : Login successfully with admin
[2021-11-09 19:52:13 锟杰讹拷] : Sytem is starting...
[2021-11-09 19:52:13 锟杰讹拷] : Sytem is started successfully
[2021-11-09 19:52:17 锟杰讹拷] : Failed to login with 
[2021-11-09 19:52:22 锟杰讹拷] : Login successfully with admin
[2021-11-09 19:54:04 锟杰讹拷] : Sytem is starting...
[2021-11-09 19:54:05 锟杰讹拷] : Sytem is started successfully
[2021-11-09 19:54:10 锟杰讹拷] : Login successfully with admin
[2021-11-09 19:54:40 锟杰讹拷] : Sytem is starting...
[2021-11-09 19:54:40 锟杰讹拷] : Sytem is started successfully
[2021-11-09 19:54:44 锟杰讹拷] : Login successfully with admin
[2021-11-09 19:55:13 锟杰讹拷] : Sytem is starting...
[2021-11-09 19:55:13 锟杰讹拷] : Sytem is started successfully
[2021-11-09 19:55:16 锟杰讹拷] : Failed to login with 
[2021-11-09 19:55:22 锟杰讹拷] : Login successfully with admin
[2021-11-09 19:59:51 锟杰讹拷] : Sytem is starting...
[2021-11-09 19:59:52 锟杰讹拷] : Sytem is started successfully
[2021-11-09 19:59:56 锟杰讹拷] : Failed to login with 
[2021-11-09 20:00:02 锟杰讹拷] : Login successfully with admin
[2021-11-09 20:30:24 锟杰讹拷] : Sytem is starting...
[2021-11-09 20:30:25 锟杰讹拷] : Sytem is started successfully
[2021-11-09 20:30:31 锟杰讹拷] : Login successfully with admin
[2021-11-09 20:33:32 锟杰讹拷] : Sytem is starting...
[2021-11-09 20:33:32 锟杰讹拷] : Sytem is started successfully
[2021-11-09 20:33:38 锟杰讹拷] : Login successfully with admin
[2021-11-09 20:36:12 锟杰讹拷] : Sytem is starting...
[2021-11-09 20:36:12 锟杰讹拷] : Sytem is started successfully
[2021-11-09 20:36:17 锟杰讹拷] : Login successfully with admin
[2021-11-09 20:38:32 锟杰讹拷] : Sytem is starting...
[2021-11-09 20:38:32 锟杰讹拷] : Sytem is started successfully
[2021-11-09 20:38:36 锟杰讹拷] : Login successfully with admin
[2021-11-09 20:52:35 锟杰讹拷] : Sytem is starting...
[2021-11-09 20:52:35 锟杰讹拷] : Sytem is started successfully
[2021-11-09 20:52:37 锟杰讹拷] : Login successfully with 
[2021-11-09 20:58:44 锟杰讹拷] : Sytem is starting...
[2021-11-09 20:58:44 锟杰讹拷] : Sytem is started successfully
[2021-11-09 20:58:45 锟杰讹拷] : Login successfully with 
[2021-11-10 08:35:44 锟斤拷锟斤拷] : Sytem is starting...
[2021-11-10 08:35:44 锟斤拷锟斤拷] : Sytem is started successfully
[2021-11-10 08:36:17 锟斤拷锟斤拷] : Login successfully with admin
[2021-11-10 08:59:13 锟斤拷锟斤拷] : Login successfully with admin
[2021-11-10 09:06:05 锟斤拷锟斤拷] : Login successfully with admin
[2021-11-10 09:06:45 锟斤拷锟斤拷] : Login successfully with admin
[2021-11-10 09:08:00 锟斤拷锟斤拷] : Login successfully with admin
[2021-11-10 09:17:17 锟斤拷锟斤拷] : Failed to login with 
[2021-11-10 09:17:23 锟斤拷锟斤拷] : Failed to login with 
[2021-11-10 09:17:27 锟斤拷锟斤拷] : Login successfully with admin
[2021-11-10 09:20:15 锟斤拷锟斤拷] : Sytem is starting...
[2021-11-10 09:20:15 锟斤拷锟斤拷] : Sytem is started successfully
[2021-11-10 09:20:21 锟斤拷锟斤拷] : Failed to login with 
[2021-11-10 09:21:13 锟斤拷锟斤拷] : Login successfully with admin
[2021-11-10 09:23:19 锟斤拷锟斤拷] : Sytem is starting...
[2021-11-10 09:23:20 锟斤拷锟斤拷] : Sytem is started successfully
[2021-11-10 09:23:30 锟斤拷锟斤拷] : Login successfully with admin
[2021-11-10 09:34:28 锟斤拷锟斤拷] : Sytem is starting...
[2021-11-10 09:34:28 锟斤拷锟斤拷] : Sytem is started successfully
[2021-11-10 09:34:36 锟斤拷锟斤拷] : Login successfully with admin
[2021-11-10 09:35:34 锟斤拷锟斤拷] : Sytem is starting...
[2021-11-10 09:35:34 锟斤拷锟斤拷] : Sytem is started successfully
[2021-11-10 09:35:40 锟斤拷锟斤拷] : Failed to login with 
[2021-11-10 09:42:32 锟斤拷锟斤拷] : Sytem is starting...
[2021-11-10 09:42:32 锟斤拷锟斤拷] : Sytem is started successfully
[2021-11-10 09:42:34 锟斤拷锟斤拷] : Login successfully with 
[2021-11-10 09:52:00 锟斤拷锟斤拷] : Sytem is starting...
[2021-11-10 09:52:00 锟斤拷锟斤拷] : Sytem is started successfully
[2021-11-10 09:52:01 锟斤拷锟斤拷] : Login successfully with 
[2021-11-10 09:53:22 锟斤拷锟斤拷] : Sytem is starting...
[2021-11-10 09:53:23 锟斤拷锟斤拷] : Sytem is started successfully
[2021-11-10 09:53:24 锟斤拷锟斤拷] : Login successfully with 
[2021-11-10 09:56:57 锟斤拷锟斤拷] : Sytem is starting...
[2021-11-10 09:56:57 锟斤拷锟斤拷] : Sytem is started successfully
[2021-11-10 09:56:58 锟斤拷锟斤拷] : Login successfully with 
[2021-11-10 09:58:53 锟斤拷锟斤拷] : Sytem is starting...
[2021-11-10 09:58:53 锟斤拷锟斤拷] : Sytem is started successfully
[2021-11-10 09:58:54 锟斤拷锟斤拷] : Login successfully with 
[2021-11-10 09:59:41 锟斤拷锟斤拷] : Sytem is starting...
[2021-11-10 09:59:42 锟斤拷锟斤拷] : Sytem is started successfully
[2021-11-10 09:59:42 锟斤拷锟斤拷] : Login successfully with 
[2021-11-10 10:02:01 锟斤拷锟斤拷] : Sytem is starting...
[2021-11-10 10:02:01 锟斤拷锟斤拷] : Sytem is started successfully
[2021-11-10 10:02:02 锟斤拷锟斤拷] : Login successfully with 
[2021-11-10 10:02:23 锟斤拷锟斤拷] : Sytem is starting...
[2021-11-10 10:02:23 锟斤拷锟斤拷] : Sytem is started successfully
[2021-11-10 10:02:24 锟斤拷锟斤拷] : Login successfully with 
[2021-11-10 10:02:52 锟斤拷锟斤拷] : Sytem is starting...
[2021-11-10 10:02:53 锟斤拷锟斤拷] : Sytem is started successfully
[2021-11-10 10:02:54 锟斤拷锟斤拷] : Login successfully with 
[2021-11-10 10:04:44 锟斤拷锟斤拷] : Sytem is starting...
[2021-11-10 10:04:44 锟斤拷锟斤拷] : Sytem is started successfully
[2021-11-10 10:04:45 锟斤拷锟斤拷] : Login successfully with 
[2021-11-10 10:05:30 锟斤拷锟斤拷] : Sytem is starting...
[2021-11-10 10:05:30 锟斤拷锟斤拷] : Sytem is started successfully
[2021-11-10 10:05:31 锟斤拷锟斤拷] : Login successfully with 
[2021-11-10 10:05:50 锟斤拷锟斤拷] : Sytem is starting...
[2021-11-10 10:05:50 锟斤拷锟斤拷] : Sytem is started successfully
[2021-11-10 10:05:51 锟斤拷锟斤拷] : Login successfully with 
[2021-11-10 10:06:35 锟斤拷锟斤拷] : Sytem is starting...
[2021-11-10 10:06:35 锟斤拷锟斤拷] : Sytem is started successfully
[2021-11-10 10:06:36 锟斤拷锟斤拷] : Login successfully with 
[2021-11-10 10:08:09 锟斤拷锟斤拷] : Sytem is starting...
[2021-11-10 10:08:09 锟斤拷锟斤拷] : Sytem is started successfully
[2021-11-10 10:08:10 锟斤拷锟斤拷] : Login successfully with 
[2021-11-10 10:24:09 锟斤拷锟斤拷] : Sytem is starting...
[2021-11-10 10:24:09 锟斤拷锟斤拷] : Sytem is started successfully
[2021-11-10 10:24:11 锟斤拷锟斤拷] : Login successfully with 
[2021-11-10 10:24:55 锟斤拷锟斤拷] : Sytem is starting...
[2021-11-10 10:24:55 锟斤拷锟斤拷] : Sytem is started successfully
[2021-11-10 10:24:56 锟斤拷锟斤拷] : Login successfully with 
[2021-11-10 10:25:24 锟斤拷锟斤拷] : Sytem is starting...
[2021-11-10 10:25:24 锟斤拷锟斤拷] : Sytem is started successfully
[2021-11-10 10:25:25 锟斤拷锟斤拷] : Login successfully with 
[2021-11-10 10:28:25 锟斤拷锟斤拷] : Sytem is starting...
[2021-11-10 10:28:25 锟斤拷锟斤拷] : Sytem is started successfully
[2021-11-10 10:28:26 锟斤拷锟斤拷] : Login successfully with 
[2021-11-10 10:28:41 锟斤拷锟斤拷] : Sytem is starting...
[2021-11-10 10:28:42 锟斤拷锟斤拷] : Sytem is started successfully
[2021-11-10 10:28:43 锟斤拷锟斤拷] : Login successfully with 
[2021-11-10 10:32:10 锟斤拷锟斤拷] : Sytem is starting...
[2021-11-10 10:32:10 锟斤拷锟斤拷] : Sytem is started successfully
[2021-11-10 10:32:12 锟斤拷锟斤拷] : Login successfully with 
[2021-11-10 10:38:21 锟斤拷锟斤拷] : Sytem is starting...
[2021-11-10 10:38:21 锟斤拷锟斤拷] : Sytem is started successfully
[2021-11-10 10:38:22 锟斤拷锟斤拷] : Login successfully with 
[2021-11-10 10:39:44 锟斤拷锟斤拷] : Sytem is starting...
[2021-11-10 10:39:44 锟斤拷锟斤拷] : Sytem is started successfully
[2021-11-10 10:39:45 锟斤拷锟斤拷] : Login successfully with 
[2021-11-10 10:51:31 锟斤拷锟斤拷] : Sytem is starting...
[2021-11-10 10:51:31 锟斤拷锟斤拷] : Sytem is started successfully
[2021-11-10 10:51:32 锟斤拷锟斤拷] : Login successfully with 
[2021-11-10 10:53:29 锟斤拷锟斤拷] : Sytem is starting...
[2021-11-10 10:53:29 锟斤拷锟斤拷] : Sytem is started successfully
[2021-11-10 10:53:31 锟斤拷锟斤拷] : Login successfully with 
[2021-11-10 10:53:53 锟斤拷锟斤拷] : Sytem is starting...
[2021-11-10 10:53:53 锟斤拷锟斤拷] : Sytem is started successfully
[2021-11-10 10:53:55 锟斤拷锟斤拷] : Login successfully with 
[2021-11-10 10:54:09 锟斤拷锟斤拷] : Sytem is starting...
[2021-11-10 10:54:09 锟斤拷锟斤拷] : Sytem is started successfully
[2021-11-10 10:54:10 锟斤拷锟斤拷] : Login successfully with 
[2021-11-10 10:54:33 锟斤拷锟斤拷] : Sytem is starting...
[2021-11-10 10:54:33 锟斤拷锟斤拷] : Sytem is started successfully
[2021-11-10 10:54:34 锟斤拷锟斤拷] : Login successfully with 
[2021-11-10 10:54:53 锟斤拷锟斤拷] : Sytem is starting...
[2021-11-10 10:54:53 锟斤拷锟斤拷] : Sytem is started successfully
[2021-11-10 10:54:54 锟斤拷锟斤拷] : Login successfully with 
[2021-11-10 10:55:08 锟斤拷锟斤拷] : Login successfully with 
[2021-11-10 10:55:45 锟斤拷锟斤拷] : Sytem is starting...
[2021-11-10 10:55:45 锟斤拷锟斤拷] : Sytem is started successfully
[2021-11-10 10:55:46 锟斤拷锟斤拷] : Login successfully with 
[2021-11-10 10:58:11 锟斤拷锟斤拷] : Sytem is starting...
[2021-11-10 10:58:11 锟斤拷锟斤拷] : Sytem is started successfully
[2021-11-10 10:58:12 锟斤拷锟斤拷] : Login successfully with 
[2021-11-10 10:59:56 锟斤拷锟斤拷] : Sytem is starting...
[2021-11-10 10:59:56 锟斤拷锟斤拷] : Sytem is started successfully
[2021-11-10 10:59:58 锟斤拷锟斤拷] : Login successfully with 
[2021-11-10 11:28:02 锟斤拷锟斤拷] : Sytem is starting...
[2021-11-10 11:28:02 锟斤拷锟斤拷] : Sytem is started successfully
[2021-11-10 11:28:04 锟斤拷锟斤拷] : Login successfully with 
[2021-11-10 11:28:34 锟斤拷锟斤拷] : Sytem is starting...
[2021-11-10 11:28:34 锟斤拷锟斤拷] : Sytem is started successfully
[2021-11-10 11:28:35 锟斤拷锟斤拷] : Login successfully with 
[2021-11-10 12:16:40 锟斤拷锟斤拷] : Sytem is starting...
[2021-11-10 12:16:40 锟斤拷锟斤拷] : Sytem is started successfully
[2021-11-10 12:16:41 锟斤拷锟斤拷] : Login successfully with 
[2021-11-10 13:08:13 锟斤拷锟斤拷] : Sytem is starting...
[2021-11-10 13:08:13 锟斤拷锟斤拷] : Sytem is started successfully
[2021-11-10 13:08:19 锟斤拷锟斤拷] : Login successfully with 
[2021-11-10 13:10:12 锟斤拷锟斤拷] : Sytem is starting...
[2021-11-10 13:10:12 锟斤拷锟斤拷] : Sytem is started successfully
[2021-11-10 13:10:13 锟斤拷锟斤拷] : Login successfully with 
[2021-11-10 13:12:39 锟斤拷锟斤拷] : Sytem is starting...
[2021-11-10 13:12:39 锟斤拷锟斤拷] : Sytem is started successfully
[2021-11-10 13:12:40 锟斤拷锟斤拷] : Login successfully with 
[2021-11-10 13:13:23 锟斤拷锟斤拷] : Sytem is starting...
[2021-11-10 13:13:23 锟斤拷锟斤拷] : Sytem is started successfully
[2021-11-10 13:13:25 锟斤拷锟斤拷] : Login successfully with 
[2021-11-10 13:13:40 锟斤拷锟斤拷] : Sytem is starting...
[2021-11-10 13:13:40 锟斤拷锟斤拷] : Sytem is started successfully
[2021-11-10 13:13:42 锟斤拷锟斤拷] : Login successfully with 
[2021-11-10 13:14:14 锟斤拷锟斤拷] : Sytem is starting...
[2021-11-10 13:14:14 锟斤拷锟斤拷] : Sytem is started successfully
[2021-11-10 13:14:15 锟斤拷锟斤拷] : Login successfully with 
[2021-11-10 13:33:51 锟斤拷锟斤拷] : Sytem is starting...
[2021-11-10 13:33:51 锟斤拷锟斤拷] : Sytem is started successfully
[2021-11-10 13:33:52 锟斤拷锟斤拷] : Login successfully with 
[2021-11-10 13:35:44 锟斤拷锟斤拷] : Sytem is starting...
[2021-11-10 13:35:44 锟斤拷锟斤拷] : Sytem is started successfully
[2021-11-10 13:35:45 锟斤拷锟斤拷] : Login successfully with 
[2021-11-10 13:36:35 锟斤拷锟斤拷] : Sytem is starting...
[2021-11-10 13:36:35 锟斤拷锟斤拷] : Sytem is started successfully
[2021-11-10 13:36:36 锟斤拷锟斤拷] : Login successfully with 
[2021-11-10 13:37:38 锟斤拷锟斤拷] : Sytem is starting...
[2021-11-10 13:37:38 锟斤拷锟斤拷] : Sytem is started successfully
[2021-11-10 13:37:39 锟斤拷锟斤拷] : Login successfully with 
[2021-11-10 13:40:05 锟斤拷锟斤拷] : Sytem is starting...
[2021-11-10 13:40:05 锟斤拷锟斤拷] : Sytem is started successfully
[2021-11-10 13:40:06 锟斤拷锟斤拷] : Login successfully with 
[2021-11-10 13:41:26 锟斤拷锟斤拷] : Sytem is starting...
[2021-11-10 13:41:26 锟斤拷锟斤拷] : Sytem is started successfully
[2021-11-10 13:41:27 锟斤拷锟斤拷] : Login successfully with 
[2021-11-10 13:42:16 锟斤拷锟斤拷] : Sytem is starting...
[2021-11-10 13:42:16 锟斤拷锟斤拷] : Sytem is started successfully
[2021-11-10 13:42:17 锟斤拷锟斤拷] : Login successfully with 
[2021-11-10 13:43:40 锟斤拷锟斤拷] : Sytem is starting...
[2021-11-10 13:43:40 锟斤拷锟斤拷] : Sytem is started successfully
[2021-11-10 13:43:41 锟斤拷锟斤拷] : Login successfully with 
[2021-11-10 13:44:20 锟斤拷锟斤拷] : Sytem is starting...
[2021-11-10 13:44:20 锟斤拷锟斤拷] : Sytem is started successfully
[2021-11-10 13:44:21 锟斤拷锟斤拷] : Login successfully with 
[2021-11-10 13:50:41 锟斤拷锟斤拷] : Sytem is starting...
[2021-11-10 13:50:41 锟斤拷锟斤拷] : Sytem is started successfully
[2021-11-10 13:50:42 锟斤拷锟斤拷] : Login successfully with 
[2021-11-10 13:51:18 锟斤拷锟斤拷] : Sytem is starting...
[2021-11-10 13:51:18 锟斤拷锟斤拷] : Sytem is started successfully
[2021-11-10 13:51:20 锟斤拷锟斤拷] : Login successfully with 
[2021-11-10 13:51:50 锟斤拷锟斤拷] : Sytem is starting...
[2021-11-10 13:51:50 锟斤拷锟斤拷] : Sytem is started successfully
[2021-11-10 13:51:51 锟斤拷锟斤拷] : Login successfully with 
[2021-11-10 13:53:36 锟斤拷锟斤拷] : Sytem is starting...
[2021-11-10 13:53:37 锟斤拷锟斤拷] : Sytem is started successfully
[2021-11-10 13:53:38 锟斤拷锟斤拷] : Login successfully with 
[2021-11-10 13:55:50 锟斤拷锟斤拷] : Sytem is starting...
[2021-11-10 13:55:50 锟斤拷锟斤拷] : Sytem is started successfully
[2021-11-10 13:55:51 锟斤拷锟斤拷] : Login successfully with 
[2021-11-10 13:56:15 锟斤拷锟斤拷] : Sytem is starting...
[2021-11-10 13:56:15 锟斤拷锟斤拷] : Sytem is started successfully
[2021-11-10 13:56:17 锟斤拷锟斤拷] : Login successfully with 
[2021-11-10 13:56:57 锟斤拷锟斤拷] : Sytem is starting...
[2021-11-10 13:56:57 锟斤拷锟斤拷] : Sytem is started successfully
[2021-11-10 13:56:58 锟斤拷锟斤拷] : Login successfully with 
[2021-11-10 13:57:37 锟斤拷锟斤拷] : Sytem is starting...
[2021-11-10 13:57:37 锟斤拷锟斤拷] : Sytem is started successfully
[2021-11-10 13:57:38 锟斤拷锟斤拷] : Login successfully with 
[2021-11-10 13:57:49 锟斤拷锟斤拷] : Login successfully with 
[2021-11-10 13:59:52 锟斤拷锟斤拷] : Sytem is starting...
[2021-11-10 13:59:53 锟斤拷锟斤拷] : Sytem is started successfully
[2021-11-10 13:59:54 锟斤拷锟斤拷] : Login successfully with 
[2021-11-10 14:00:16 锟斤拷锟斤拷] : Sytem is starting...
[2021-11-10 14:00:16 锟斤拷锟斤拷] : Sytem is started successfully
[2021-11-10 14:00:18 锟斤拷锟斤拷] : Login successfully with 
[2021-11-10 14:00:43 锟斤拷锟斤拷] : Sytem is starting...
[2021-11-10 14:00:43 锟斤拷锟斤拷] : Sytem is started successfully
[2021-11-10 14:00:44 锟斤拷锟斤拷] : Login successfully with 
[2021-11-10 14:03:05 锟斤拷锟斤拷] : Sytem is starting...
[2021-11-10 14:03:05 锟斤拷锟斤拷] : Sytem is started successfully
[2021-11-10 14:03:06 锟斤拷锟斤拷] : Login successfully with 
[2021-11-10 14:04:50 锟斤拷锟斤拷] : Sytem is starting...
[2021-11-10 14:04:50 锟斤拷锟斤拷] : Sytem is started successfully
[2021-11-10 14:04:52 锟斤拷锟斤拷] : Login successfully with 
[2021-11-10 14:05:25 锟斤拷锟斤拷] : Sytem is starting...
[2021-11-10 14:05:25 锟斤拷锟斤拷] : Sytem is started successfully
[2021-11-10 14:05:27 锟斤拷锟斤拷] : Login successfully with 
[2021-11-10 14:05:47 锟斤拷锟斤拷] : Sytem is starting...
[2021-11-10 14:05:47 锟斤拷锟斤拷] : Sytem is started successfully
[2021-11-10 14:05:47 锟斤拷锟斤拷] : Login successfully with 
[2021-11-10 14:06:26 锟斤拷锟斤拷] : Sytem is starting...
[2021-11-10 14:06:26 锟斤拷锟斤拷] : Sytem is started successfully
[2021-11-10 14:06:34 锟斤拷锟斤拷] : Login successfully with 
[2021-11-10 14:14:05 锟斤拷锟斤拷] : Sytem is starting...
[2021-11-10 14:14:05 锟斤拷锟斤拷] : Sytem is started successfully
[2021-11-10 14:14:06 锟斤拷锟斤拷] : Login successfully with 
[2021-11-10 14:15:21 锟斤拷锟斤拷] : Sytem is starting...
[2021-11-10 14:15:21 锟斤拷锟斤拷] : Sytem is started successfully
[2021-11-10 14:15:22 锟斤拷锟斤拷] : Login successfully with 
[2021-11-10 14:16:05 锟斤拷锟斤拷] : Sytem is starting...
[2021-11-10 14:16:05 锟斤拷锟斤拷] : Sytem is started successfully
[2021-11-10 14:16:06 锟斤拷锟斤拷] : Login successfully with 
[2021-11-10 14:16:56 锟斤拷锟斤拷] : Sytem is starting...
[2021-11-10 14:16:56 锟斤拷锟斤拷] : Sytem is started successfully
[2021-11-10 14:16:58 锟斤拷锟斤拷] : Login successfully with 
[2021-11-10 14:17:52 锟斤拷锟斤拷] : Sytem is starting...
[2021-11-10 14:17:52 锟斤拷锟斤拷] : Sytem is started successfully
[2021-11-10 14:17:53 锟斤拷锟斤拷] : Login successfully with 
[2021-11-10 14:18:47 锟斤拷锟斤拷] : Sytem is starting...
[2021-11-10 14:18:47 锟斤拷锟斤拷] : Sytem is started successfully
[2021-11-10 14:18:48 锟斤拷锟斤拷] : Login successfully with 
[2021-11-10 14:20:18 锟斤拷锟斤拷] : Sytem is starting...
[2021-11-10 14:20:18 锟斤拷锟斤拷] : Sytem is started successfully
[2021-11-10 14:20:19 锟斤拷锟斤拷] : Login successfully with 
[2021-11-10 14:20:55 锟斤拷锟斤拷] : Sytem is starting...
[2021-11-10 14:20:55 锟斤拷锟斤拷] : Sytem is started successfully
[2021-11-10 14:20:58 锟斤拷锟斤拷] : Login successfully with 
[2021-11-10 14:21:26 锟斤拷锟斤拷] : Sytem is starting...
[2021-11-10 14:21:26 锟斤拷锟斤拷] : Sytem is started successfully
[2021-11-10 14:21:27 锟斤拷锟斤拷] : Login successfully with 
[2021-11-10 15:09:59 锟斤拷锟斤拷] : Sytem is starting...
[2021-11-10 15:09:59 锟斤拷锟斤拷] : Sytem is started successfully
[2021-11-10 15:10:01 锟斤拷锟斤拷] : Login successfully with 
[2021-11-10 15:11:39 锟斤拷锟斤拷] : Sytem is starting...
[2021-11-10 15:11:39 锟斤拷锟斤拷] : Sytem is started successfully
[2021-11-10 15:11:40 锟斤拷锟斤拷] : Login successfully with 
[2021-11-10 15:13:40 锟斤拷锟斤拷] : Sytem is starting...
[2021-11-10 15:13:40 锟斤拷锟斤拷] : Sytem is started successfully
[2021-11-10 15:13:41 锟斤拷锟斤拷] : Login successfully with 
[2021-11-10 15:14:19 锟斤拷锟斤拷] : Sytem is starting...
[2021-11-10 15:14:19 锟斤拷锟斤拷] : Sytem is started successfully
[2021-11-10 15:14:21 锟斤拷锟斤拷] : Login successfully with 
[2021-11-10 15:14:59 锟斤拷锟斤拷] : Sytem is starting...
[2021-11-10 15:14:59 锟斤拷锟斤拷] : Sytem is started successfully
[2021-11-10 15:15:00 锟斤拷锟斤拷] : Login successfully with 
[2021-11-10 15:15:25 锟斤拷锟斤拷] : Sytem is starting...
[2021-11-10 15:15:25 锟斤拷锟斤拷] : Sytem is started successfully
[2021-11-10 15:15:26 锟斤拷锟斤拷] : Login successfully with 
[2021-11-10 15:16:18 锟斤拷锟斤拷] : Sytem is starting...
[2021-11-10 15:16:18 锟斤拷锟斤拷] : Sytem is started successfully
[2021-11-10 15:16:19 锟斤拷锟斤拷] : Login successfully with 
[2021-11-10 15:17:51 锟斤拷锟斤拷] : Sytem is starting...
[2021-11-10 15:17:51 锟斤拷锟斤拷] : Sytem is started successfully
[2021-11-10 15:17:52 锟斤拷锟斤拷] : Login successfully with 
[2021-11-10 15:18:07 锟斤拷锟斤拷] : Sytem is starting...
[2021-11-10 15:18:07 锟斤拷锟斤拷] : Sytem is started successfully
[2021-11-10 15:18:08 锟斤拷锟斤拷] : Login successfully with 
[2021-11-10 15:20:38 锟斤拷锟斤拷] : Sytem is starting...
[2021-11-10 15:20:38 锟斤拷锟斤拷] : Sytem is started successfully
[2021-11-10 15:20:39 锟斤拷锟斤拷] : Login successfully with 
[2021-11-10 15:21:27 锟斤拷锟斤拷] : Sytem is starting...
[2021-11-10 15:21:27 锟斤拷锟斤拷] : Sytem is started successfully
[2021-11-10 15:21:30 锟斤拷锟斤拷] : Login successfully with 
[2021-11-10 15:29:12 锟斤拷锟斤拷] : Sytem is starting...
[2021-11-10 15:29:12 锟斤拷锟斤拷] : Sytem is started successfully
[2021-11-10 15:29:13 锟斤拷锟斤拷] : Login successfully with 
[2021-11-10 15:29:37 锟斤拷锟斤拷] : Sytem is starting...
[2021-11-10 15:29:37 锟斤拷锟斤拷] : Sytem is started successfully
[2021-11-10 15:29:38 锟斤拷锟斤拷] : Login successfully with 
[2021-11-10 15:29:56 锟斤拷锟斤拷] : Sytem is starting...
[2021-11-10 15:29:56 锟斤拷锟斤拷] : Sytem is started successfully
[2021-11-10 15:29:57 锟斤拷锟斤拷] : Login successfully with 
[2021-11-10 15:31:03 锟斤拷锟斤拷] : Sytem is starting...
[2021-11-10 15:31:03 锟斤拷锟斤拷] : Sytem is started successfully
[2021-11-10 15:31:04 锟斤拷锟斤拷] : Login successfully with 
[2021-11-10 15:31:42 锟斤拷锟斤拷] : Sytem is starting...
[2021-11-10 15:31:42 锟斤拷锟斤拷] : Sytem is started successfully
[2021-11-10 15:31:43 锟斤拷锟斤拷] : Login successfully with 
[2021-11-10 15:32:19 锟斤拷锟斤拷] : Sytem is starting...
[2021-11-10 15:32:19 锟斤拷锟斤拷] : Sytem is started successfully
[2021-11-10 15:32:20 锟斤拷锟斤拷] : Login successfully with 
[2021-11-10 15:33:52 锟斤拷锟斤拷] : Sytem is starting...
[2021-11-10 15:33:52 锟斤拷锟斤拷] : Sytem is started successfully
[2021-11-10 15:33:53 锟斤拷锟斤拷] : Login successfully with 
[2021-11-10 15:34:06 锟斤拷锟斤拷] : Login successfully with 
[2021-11-10 15:35:56 锟斤拷锟斤拷] : Sytem is starting...
[2021-11-10 15:35:56 锟斤拷锟斤拷] : Sytem is started successfully
[2021-11-10 15:35:57 锟斤拷锟斤拷] : Login successfully with 
[2021-11-10 16:37:12 锟斤拷锟斤拷] : Sytem is starting...
[2021-11-10 16:37:12 锟斤拷锟斤拷] : Sytem is started successfully
[2021-11-10 16:37:14 锟斤拷锟斤拷] : Login successfully with 
[2021-11-10 16:43:21 锟斤拷锟斤拷] : Sytem is starting...
[2021-11-10 16:43:21 锟斤拷锟斤拷] : Sytem is started successfully
[2021-11-10 16:43:22 锟斤拷锟斤拷] : Login successfully with 
[2021-11-10 16:43:48 锟斤拷锟斤拷] : Sytem is starting...
[2021-11-10 16:43:49 锟斤拷锟斤拷] : Sytem is started successfully
[2021-11-10 16:43:50 锟斤拷锟斤拷] : Login successfully with 
[2021-11-10 16:44:24 锟斤拷锟斤拷] : Sytem is starting...
[2021-11-10 16:44:24 锟斤拷锟斤拷] : Sytem is started successfully
[2021-11-10 16:44:26 锟斤拷锟斤拷] : Login successfully with 
[2021-11-10 17:14:51 锟斤拷锟斤拷] : Sytem is starting...
[2021-11-10 17:14:51 锟斤拷锟斤拷] : Sytem is started successfully
[2021-11-10 17:14:57 锟斤拷锟斤拷] : Login successfully with 
[2021-11-10 17:18:23 周三] : Sytem is starting...
[2021-11-10 17:18:23 周三] : Sytem is started successfully
[2021-11-10 17:18:25 周三] : Login successfully with 
[2021-11-10 17:20:12 周三] : Sytem is starting...
[2021-11-10 17:20:12 周三] : Sytem is started successfully
[2021-11-10 17:20:13 周三] : Login successfully with 
[2021-11-10 17:21:34 周三] : Sytem is starting...
[2021-11-10 17:21:34 周三] : Sytem is started successfully
[2021-11-10 17:21:35 周三] : Login successfully with 
[2021-11-10 17:22:53 周三] : Sytem is starting...
[2021-11-10 17:22:53 周三] : Sytem is started successfully
[2021-11-10 17:22:54 周三] : Login successfully with 
[2021-11-10 17:23:23 周三] : Sytem is starting...
[2021-11-10 17:23:23 周三] : Sytem is started successfully
[2021-11-10 17:23:24 周三] : Login successfully with 
[2021-11-10 18:43:52 周三] : Sytem is starting...
[2021-11-10 18:43:52 周三] : Sytem is started successfully
[2021-11-10 18:43:54 周三] : Login successfully with 
[2021-11-10 18:44:33 周三] : Login successfully with 
[2021-11-10 18:45:25 周三] : Sytem is starting...
[2021-11-10 18:45:25 周三] : Sytem is started successfully
[2021-11-10 18:45:28 周三] : Login successfully with 
[2021-11-10 18:48:06 周三] : Sytem is starting...
[2021-11-10 18:48:06 周三] : Sytem is started successfully
[2021-11-10 18:48:07 周三] : Login successfully with 
[2021-11-10 18:49:08 周三] : Sytem is starting...
[2021-11-10 18:49:08 周三] : Sytem is started successfully
[2021-11-10 18:49:22 周三] : Login successfully with 
[2021-11-10 18:51:06 周三] : Sytem is starting...
[2021-11-10 18:51:06 周三] : Sytem is started successfully
[2021-11-10 18:51:13 周三] : Login successfully with 
[2021-11-10 18:52:20 周三] : Sytem is starting...
[2021-11-10 18:52:20 周三] : Sytem is started successfully
[2021-11-10 18:52:30 周三] : Sytem is starting...
[2021-11-10 18:52:30 周三] : Sytem is started successfully
[2021-11-10 18:53:18 周三] : Sytem is starting...
[2021-11-10 18:53:18 周三] : Sytem is started successfully
[2021-11-10 18:53:45 周三] : Sytem is starting...
[2021-11-10 18:53:45 周三] : Sytem is started successfully
[2021-11-10 18:54:02 周三] : Sytem is starting...
[2021-11-10 18:54:02 周三] : Sytem is started successfully
[2021-11-10 18:54:15 周三] : Login successfully with 
[2021-11-10 18:54:18 周三] : Login successfully with 
[2021-11-10 18:55:10 周三] : Sytem is starting...
[2021-11-10 18:55:10 周三] : Sytem is started successfully
[2021-11-10 18:55:12 周三] : Login successfully with 
[2021-11-10 18:55:49 周三] : Sytem is starting...
[2021-11-10 18:55:49 周三] : Sytem is started successfully
[2021-11-10 18:55:50 周三] : Login successfully with 
[2021-11-10 18:58:46 周三] : Sytem is starting...
[2021-11-10 18:58:46 周三] : Sytem is started successfully
[2021-11-10 18:58:55 周三] : Login successfully with 
[2021-11-10 19:04:10 周三] : Sytem is starting...
[2021-11-10 19:04:10 周三] : Sytem is started successfully
[2021-11-10 19:04:11 周三] : Login successfully with 
[2021-11-10 19:05:01 周三] : Sytem is starting...
[2021-11-10 19:05:01 周三] : Sytem is started successfully
[2021-11-10 19:05:02 周三] : Login successfully with 
[2021-11-10 19:05:16 周三] : Sytem is starting...
[2021-11-10 19:05:17 周三] : Sytem is started successfully
[2021-11-10 19:05:18 周三] : Login successfully with 
[2021-11-10 19:06:46 周三] : Sytem is starting...
[2021-11-10 19:06:46 周三] : Sytem is started successfully
[2021-11-10 19:06:48 周三] : Login successfully with 
[2021-11-10 19:10:59 周三] : Sytem is starting...
[2021-11-10 19:10:59 周三] : Sytem is started successfully
[2021-11-10 19:11:00 周三] : Login successfully with 
[2021-11-10 19:11:50 周三] : Sytem is starting...
[2021-11-10 19:11:50 周三] : Sytem is started successfully
[2021-11-10 19:11:51 周三] : Login successfully with 
[2021-11-10 19:12:12 周三] : Sytem is starting...
[2021-11-10 19:12:12 周三] : Sytem is started successfully
[2021-11-10 19:12:13 周三] : Login successfully with 
[2021-11-10 19:13:21 周三] : Sytem is starting...
[2021-11-10 19:13:21 周三] : Sytem is started successfully
[2021-11-10 19:13:23 周三] : Login successfully with 
[2021-11-10 19:14:25 周三] : Sytem is starting...
[2021-11-10 19:14:25 周三] : Sytem is started successfully
[2021-11-10 19:14:26 周三] : Login successfully with 
[2021-11-10 19:14:40 周三] : Login successfully with 
[2021-11-10 19:16:06 周三] : Sytem is starting...
[2021-11-10 19:16:07 周三] : Sytem is started successfully
[2021-11-10 19:16:08 周三] : Login successfully with 
[2021-11-10 19:16:51 周三] : Sytem is starting...
[2021-11-10 19:16:51 周三] : Sytem is started successfully
[2021-11-10 19:16:52 周三] : Login successfully with 
[2021-11-10 19:17:41 周三] : Sytem is starting...
[2021-11-10 19:17:41 周三] : Sytem is started successfully
[2021-11-10 19:17:42 周三] : Login successfully with 
[2021-11-10 19:18:46 周三] : Sytem is starting...
[2021-11-10 19:18:46 周三] : Sytem is started successfully
[2021-11-10 19:18:48 周三] : Login successfully with 
[2021-11-10 19:19:38 周三] : Sytem is starting...
[2021-11-10 19:19:39 周三] : Sytem is started successfully
[2021-11-10 19:19:39 周三] : Login successfully with 
[2021-11-10 19:20:41 周三] : Sytem is starting...
[2021-11-10 19:20:41 周三] : Sytem is started successfully
[2021-11-10 19:20:43 周三] : Login successfully with 
[2021-11-10 19:23:42 周三] : Sytem is starting...
[2021-11-10 19:23:42 周三] : Sytem is started successfully
[2021-11-10 19:23:43 周三] : Login successfully with 
[2021-11-10 19:24:33 周三] : Sytem is starting...
[2021-11-10 19:24:33 周三] : Sytem is started successfully
[2021-11-10 19:24:34 周三] : Login successfully with 
[2021-11-10 19:25:03 周三] : Sytem is starting...
[2021-11-10 19:25:03 周三] : Sytem is started successfully
[2021-11-10 19:25:04 周三] : Login successfully with 
[2021-11-10 19:25:25 周三] : Sytem is starting...
[2021-11-10 19:25:25 周三] : Sytem is started successfully
[2021-11-10 19:25:26 周三] : Login successfully with 
[2021-11-10 19:35:18 周三] : Sytem is starting...
[2021-11-10 19:35:18 周三] : Sytem is started successfully
[2021-11-10 19:35:19 周三] : Login successfully with 
[2021-11-10 19:36:07 周三] : Sytem is starting...
[2021-11-10 19:36:07 周三] : Sytem is started successfully
[2021-11-10 19:36:08 周三] : Login successfully with 
[2021-11-10 19:36:20 周三] : Sytem is starting...
[2021-11-10 19:36:20 周三] : Sytem is started successfully
[2021-11-10 19:36:21 周三] : Login successfully with 
[2021-11-10 19:36:58 周三] : Sytem is starting...
[2021-11-10 19:36:58 周三] : Sytem is started successfully
[2021-11-10 19:36:59 周三] : Login successfully with 
[2021-11-10 19:37:26 周三] : Sytem is starting...
[2021-11-10 19:37:26 周三] : Sytem is started successfully
[2021-11-10 19:37:27 周三] : Login successfully with 
[2021-11-10 19:37:50 周三] : Sytem is starting...
[2021-11-10 19:37:50 周三] : Sytem is started successfully
[2021-11-10 19:37:51 周三] : Login successfully with 
[2021-11-10 19:38:10 周三] : Sytem is starting...
[2021-11-10 19:38:10 周三] : Sytem is started successfully
[2021-11-10 19:38:11 周三] : Login successfully with 
[2021-11-10 19:38:43 周三] : Sytem is starting...
[2021-11-10 19:38:43 周三] : Sytem is started successfully
[2021-11-10 19:38:45 周三] : Login successfully with 
[2021-11-10 19:40:35 周三] : Sytem is starting...
[2021-11-10 19:40:35 周三] : Sytem is started successfully
[2021-11-10 19:40:36 周三] : Login successfully with 
[2021-11-10 19:40:50 周三] : Sytem is starting...
[2021-11-10 19:40:50 周三] : Sytem is started successfully
[2021-11-10 19:40:51 周三] : Login successfully with 
[2021-11-10 19:42:49 周三] : Sytem is starting...
[2021-11-10 19:42:49 周三] : Sytem is started successfully
[2021-11-10 19:42:50 周三] : Login successfully with 
[2021-11-10 19:43:32 周三] : Sytem is starting...
[2021-11-10 19:43:32 周三] : Sytem is started successfully
[2021-11-10 19:43:33 周三] : Login successfully with 
[2021-11-10 19:44:13 周三] : Sytem is starting...
[2021-11-10 19:44:14 周三] : Sytem is started successfully
[2021-11-10 19:44:15 周三] : Login successfully with 
[2021-11-10 19:46:43 周三] : Sytem is starting...
[2021-11-10 19:46:43 周三] : Sytem is started successfully
[2021-11-10 19:47:02 周三] : Sytem is starting...
[2021-11-10 19:47:03 周三] : Sytem is started successfully
[2021-11-10 19:47:03 周三] : Login successfully with 
[2021-11-10 19:48:01 周三] : Sytem is starting...
[2021-11-10 19:48:01 周三] : Sytem is started successfully
[2021-11-10 19:48:02 周三] : Login successfully with 
[2021-11-10 19:48:37 周三] : Sytem is starting...
[2021-11-10 19:48:37 周三] : Sytem is started successfully
[2021-11-10 19:48:38 周三] : Login successfully with 
[2021-11-10 19:49:36 周三] : Sytem is starting...
[2021-11-10 19:49:36 周三] : Sytem is started successfully
[2021-11-10 19:49:37 周三] : Login successfully with 
[2021-11-10 19:49:53 周三] : Sytem is starting...
[2021-11-10 19:49:53 周三] : Sytem is started successfully
[2021-11-10 19:49:54 周三] : Login successfully with 
[2021-11-10 19:51:30 周三] : Sytem is starting...
[2021-11-10 19:51:31 周三] : Sytem is started successfully
[2021-11-10 19:51:32 周三] : Login successfully with 
[2021-11-10 19:52:21 周三] : Sytem is starting...
[2021-11-10 19:52:21 周三] : Sytem is started successfully
[2021-11-10 19:52:22 周三] : Login successfully with 
[2021-11-10 19:52:56 周三] : Sytem is starting...
[2021-11-10 19:52:56 周三] : Sytem is started successfully
[2021-11-10 19:52:57 周三] : Login successfully with 
[2021-11-10 19:53:18 周三] : Sytem is starting...
[2021-11-10 19:53:18 周三] : Sytem is started successfully
[2021-11-10 19:53:19 周三] : Login successfully with 
[2021-11-10 19:53:32 周三] : Sytem is starting...
[2021-11-10 19:53:32 周三] : Sytem is started successfully
[2021-11-10 19:53:33 周三] : Login successfully with 
[2021-11-10 19:54:16 周三] : Sytem is starting...
[2021-11-10 19:54:16 周三] : Sytem is started successfully
[2021-11-10 19:54:18 周三] : Login successfully with 
[2021-11-10 19:54:31 周三] : Sytem is starting...
[2021-11-10 19:54:31 周三] : Sytem is started successfully
[2021-11-10 19:54:32 周三] : Login successfully with 
[2021-11-10 19:54:56 周三] : Sytem is starting...
[2021-11-10 19:54:56 周三] : Sytem is started successfully
[2021-11-10 19:54:57 周三] : Login successfully with 
[2021-11-10 19:56:03 周三] : Sytem is starting...
[2021-11-10 19:56:03 周三] : Sytem is started successfully
[2021-11-10 19:56:04 周三] : Login successfully with 
[2021-11-10 19:56:18 周三] : Sytem is starting...
[2021-11-10 19:56:18 周三] : Sytem is started successfully
[2021-11-10 19:56:19 周三] : Login successfully with 
[2021-11-10 19:56:41 周三] : Sytem is starting...
[2021-11-10 19:56:41 周三] : Sytem is started successfully
[2021-11-10 19:56:42 周三] : Login successfully with 
[2021-11-10 19:57:02 周三] : Sytem is starting...
[2021-11-10 19:57:02 周三] : Sytem is started successfully
[2021-11-10 19:57:03 周三] : Login successfully with 
[2021-11-10 19:58:38 周三] : Sytem is starting...
[2021-11-10 19:58:38 周三] : Sytem is started successfully
[2021-11-10 19:58:39 周三] : Login successfully with 
[2021-11-10 19:58:50 周三] : Sytem is starting...
[2021-11-10 19:58:50 周三] : Sytem is started successfully
[2021-11-10 19:58:50 周三] : Login successfully with 
[2021-11-10 19:59:21 周三] : Sytem is starting...
[2021-11-10 19:59:21 周三] : Sytem is started successfully
[2021-11-10 19:59:22 周三] : Login successfully with 
[2021-11-10 19:59:34 周三] : Login successfully with 
[2021-11-10 20:00:07 周三] : Sytem is starting...
[2021-11-10 20:00:07 周三] : Sytem is started successfully
[2021-11-10 20:00:09 周三] : Login successfully with 
[2021-11-10 20:01:26 周三] : Sytem is starting...
[2021-11-10 20:01:26 周三] : Sytem is started successfully
[2021-11-10 20:01:27 周三] : Login successfully with 
[2021-11-10 20:02:32 周三] : Sytem is starting...
[2021-11-10 20:02:32 周三] : Sytem is started successfully
[2021-11-10 20:02:34 周三] : Login successfully with 
[2021-11-10 20:02:58 周三] : Sytem is starting...
[2021-11-10 20:02:58 周三] : Sytem is started successfully
[2021-11-10 20:02:59 周三] : Login successfully with 
[2021-11-10 20:03:55 周三] : Sytem is starting...
[2021-11-10 20:03:55 周三] : Sytem is started successfully
[2021-11-10 20:03:57 周三] : Login successfully with 
[2021-11-10 20:04:41 周三] : Sytem is starting...
[2021-11-10 20:04:41 周三] : Sytem is started successfully
[2021-11-10 20:04:42 周三] : Login successfully with 
[2021-11-10 20:05:09 周三] : Sytem is starting...
[2021-11-10 20:05:09 周三] : Sytem is started successfully
[2021-11-10 20:05:10 周三] : Login successfully with 
[2021-11-10 20:05:42 周三] : Sytem is starting...
[2021-11-10 20:05:42 周三] : Sytem is started successfully
[2021-11-10 20:05:43 周三] : Login successfully with 
[2021-11-10 20:06:17 周三] : Sytem is starting...
[2021-11-10 20:06:17 周三] : Sytem is started successfully
[2021-11-10 20:06:18 周三] : Login successfully with 
[2021-11-10 20:07:13 周三] : Sytem is starting...
[2021-11-10 20:07:13 周三] : Sytem is started successfully
[2021-11-10 20:07:14 周三] : Login successfully with 
[2021-11-10 20:07:59 周三] : Sytem is starting...
[2021-11-10 20:07:59 周三] : Sytem is started successfully
[2021-11-10 20:08:04 周三] : Login successfully with 
[2021-11-10 20:09:59 周三] : Sytem is starting...
[2021-11-10 20:09:59 周三] : Sytem is started successfully
[2021-11-10 20:10:00 周三] : Login successfully with 
[2021-11-10 20:10:17 周三] : Sytem is starting...
[2021-11-10 20:10:18 周三] : Sytem is started successfully
[2021-11-10 20:10:19 周三] : Login successfully with 
[2021-11-10 20:10:42 周三] : Sytem is starting...
[2021-11-10 20:10:42 周三] : Sytem is started successfully
[2021-11-10 20:10:44 周三] : Login successfully with 
[2021-11-10 20:48:02 周三] : Sytem is starting...
[2021-11-10 20:48:02 周三] : Sytem is started successfully
[2021-11-10 20:48:03 周三] : Login successfully with 
[2021-11-10 20:50:23 周三] : Sytem is starting...
[2021-11-10 20:50:23 周三] : Sytem is started successfully
[2021-11-10 20:50:24 周三] : Login successfully with 
[2021-11-10 21:05:11 周三] : Sytem is starting...
[2021-11-10 21:05:11 周三] : Sytem is started successfully
[2021-11-10 21:05:13 周三] : Login successfully with 
[2021-11-10 21:11:33 周三] : Sytem is starting...
[2021-11-10 21:11:33 周三] : Sytem is started successfully
[2021-11-10 21:11:34 周三] : Login successfully with 
[2021-11-10 21:13:41 周三] : Sytem is starting...
[2021-11-10 21:13:41 周三] : Sytem is started successfully
[2021-11-10 21:14:20 周三] : Sytem is starting...
[2021-11-10 21:14:20 周三] : Sytem is started successfully
[2021-11-10 21:14:21 周三] : Login successfully with 
[2021-11-10 21:15:13 周三] : Sytem is starting...
[2021-11-10 21:15:13 周三] : Sytem is started successfully
[2021-11-10 21:15:14 周三] : Login successfully with 
[2021-11-10 21:18:28 周三] : Sytem is starting...
[2021-11-10 21:18:28 周三] : Sytem is started successfully
[2021-11-10 21:18:29 周三] : Login successfully with 
[2021-11-10 21:21:51 周三] : Sytem is starting...
[2021-11-10 21:21:51 周三] : Sytem is started successfully
[2021-11-10 21:21:52 周三] : Login successfully with 
[2021-11-10 21:22:32 周三] : Sytem is starting...
[2021-11-10 21:22:32 周三] : Sytem is started successfully
[2021-11-10 21:22:33 周三] : Login successfully with 
[2021-11-10 21:23:12 周三] : Sytem is starting...
[2021-11-10 21:23:12 周三] : Sytem is started successfully
[2021-11-10 21:23:13 周三] : Login successfully with 
[2021-11-10 21:28:59 周三] : Sytem is starting...
[2021-11-10 21:28:59 周三] : Sytem is started successfully
[2021-11-10 21:29:00 周三] : Login successfully with 
[2021-11-10 21:31:30 周三] : Sytem is starting...
[2021-11-10 21:31:30 周三] : Sytem is started successfully
[2021-11-10 21:31:31 周三] : Login successfully with 
[2021-11-10 21:34:33 周三] : Sytem is starting...
[2021-11-10 21:34:33 周三] : Sytem is started successfully
[2021-11-10 21:34:34 周三] : Login successfully with 
[2021-11-10 21:36:55 周三] : Sytem is starting...
[2021-11-10 21:36:55 周三] : Sytem is started successfully
[2021-11-10 21:36:57 周三] : Login successfully with 
[2021-11-10 21:37:24 周三] : Sytem is starting...
[2021-11-10 21:37:24 周三] : Sytem is started successfully
[2021-11-10 21:37:25 周三] : Login successfully with 
[2021-11-10 21:37:53 周三] : Sytem is starting...
[2021-11-10 21:37:53 周三] : Sytem is started successfully
[2021-11-10 21:37:54 周三] : Login successfully with 
[2021-11-10 21:38:07 周三] : Sytem is starting...
[2021-11-10 21:38:07 周三] : Sytem is started successfully
[2021-11-10 21:38:09 周三] : Login successfully with 
[2021-11-10 21:38:27 周三] : Sytem is starting...
[2021-11-10 21:38:27 周三] : Sytem is started successfully
[2021-11-10 21:38:28 周三] : Login successfully with 
[2021-11-10 21:38:54 周三] : Sytem is starting...
[2021-11-10 21:38:54 周三] : Sytem is started successfully
[2021-11-10 21:38:55 周三] : Login successfully with 
[2021-11-10 22:02:22 周三] : Sytem is starting...
[2021-11-10 22:02:22 周三] : Sytem is started successfully
[2021-11-10 22:03:09 周三] : Sytem is starting...
[2021-11-10 22:03:09 周三] : Sytem is started successfully
[2021-11-10 22:03:10 周三] : Login successfully with 
[2021-11-10 22:03:39 周三] : Sytem is starting...
[2021-11-10 22:03:39 周三] : Sytem is started successfully
[2021-11-10 22:03:40 周三] : Login successfully with 
[2021-11-10 22:04:10 周三] : Sytem is starting...
[2021-11-10 22:04:10 周三] : Sytem is started successfully
[2021-11-10 22:04:11 周三] : Login successfully with 
[2021-11-10 22:08:51 周三] : Sytem is starting...
[2021-11-10 22:08:51 周三] : Sytem is started successfully
[2021-11-10 22:08:52 周三] : Login successfully with 
[2021-11-10 22:17:07 周三] : Sytem is starting...
[2021-11-10 22:17:07 周三] : Sytem is started successfully
[2021-11-10 22:17:08 周三] : Login successfully with 
[2021-11-10 22:17:23 周三] : Sytem is starting...
[2021-11-10 22:17:23 周三] : Sytem is started successfully
[2021-11-10 22:17:25 周三] : Login successfully with 
[2021-11-10 22:18:46 周三] : Sytem is starting...
[2021-11-10 22:18:46 周三] : Sytem is started successfully
[2021-11-10 22:18:47 周三] : Login successfully with 
[2021-11-10 22:19:41 周三] : Sytem is starting...
[2021-11-10 22:19:41 周三] : Sytem is started successfully
[2021-11-10 22:19:42 周三] : Login successfully with 
[2021-11-10 22:20:02 周三] : Sytem is starting...
[2021-11-10 22:20:02 周三] : Sytem is started successfully
[2021-11-10 22:20:03 周三] : Login successfully with 
[2021-11-10 22:21:08 周三] : Sytem is starting...
[2021-11-10 22:21:08 周三] : Sytem is started successfully
[2021-11-10 22:21:09 周三] : Login successfully with 
[2021-11-10 22:21:37 周三] : Sytem is starting...
[2021-11-10 22:21:37 周三] : Sytem is started successfully
[2021-11-10 22:21:38 周三] : Login successfully with 
[2021-11-10 22:22:01 周三] : Sytem is starting...
[2021-11-10 22:22:01 周三] : Sytem is started successfully
[2021-11-10 22:22:02 周三] : Login successfully with 
[2021-11-10 22:23:06 周三] : Sytem is starting...
[2021-11-10 22:23:07 周三] : Sytem is started successfully
[2021-11-10 22:23:08 周三] : Login successfully with 
[2021-11-10 22:23:23 周三] : Sytem is starting...
[2021-11-10 22:23:23 周三] : Sytem is started successfully
[2021-11-10 22:23:24 周三] : Login successfully with 
[2021-11-10 22:23:49 周三] : Sytem is starting...
[2021-11-10 22:23:49 周三] : Sytem is started successfully
[2021-11-10 22:23:50 周三] : Login successfully with 
[2021-11-10 22:24:27 周三] : Sytem is starting...
[2021-11-10 22:24:27 周三] : Sytem is started successfully
[2021-11-10 22:24:28 周三] : Login successfully with 
[2021-11-11 07:56:19 周四] : Sytem is starting...
[2021-11-11 07:56:19 周四] : Sytem is started successfully
[2021-11-11 07:56:20 周四] : Login successfully with 
[2021-11-11 07:57:57 周四] : Sytem is starting...
[2021-11-11 07:57:57 周四] : Sytem is started successfully
[2021-11-11 07:57:58 周四] : Login successfully with 
[2021-11-11 07:58:21 周四] : Sytem is starting...
[2021-11-11 07:58:21 周四] : Sytem is started successfully
[2021-11-11 07:58:23 周四] : Login successfully with 
[2021-11-11 08:09:01 周四] : Sytem is starting...
[2021-11-11 08:09:01 周四] : Sytem is started successfully
[2021-11-11 08:09:03 周四] : Login successfully with 
[2021-11-11 08:11:42 周四] : Sytem is starting...
[2021-11-11 08:11:43 周四] : Sytem is started successfully
[2021-11-11 08:11:44 周四] : Login successfully with 
[2021-11-11 08:25:21 周四] : Sytem is starting...
[2021-11-11 08:25:21 周四] : Sytem is started successfully
[2021-11-11 08:25:23 周四] : Login successfully with 
[2021-11-11 08:26:25 周四] : Sytem is starting...
[2021-11-11 08:26:25 周四] : Sytem is started successfully
[2021-11-11 08:26:26 周四] : Login successfully with 
[2021-11-11 08:30:35 周四] : Sytem is starting...
[2021-11-11 08:30:35 周四] : Sytem is started successfully
[2021-11-11 08:30:37 周四] : Login successfully with 
[2021-11-11 09:00:03 周四] : Sytem is starting...
[2021-11-11 09:00:03 周四] : Sytem is started successfully
[2021-11-11 09:00:04 周四] : Login successfully with 
[2021-11-11 09:01:41 周四] : Sytem is starting...
[2021-11-11 09:01:41 周四] : Sytem is started successfully
[2021-11-11 09:01:43 周四] : Login successfully with 
[2021-11-11 09:05:51 周四] : Sytem is starting...
[2021-11-11 09:05:51 周四] : Sytem is started successfully
[2021-11-11 09:05:53 周四] : Login successfully with 
[2021-11-11 09:07:58 周四] : Sytem is starting...
[2021-11-11 09:07:58 周四] : Sytem is started successfully
[2021-11-11 09:07:59 周四] : Login successfully with 
[2021-11-11 09:09:17 周四] : Sytem is starting...
[2021-11-11 09:09:17 周四] : Sytem is started successfully
[2021-11-11 09:09:18 周四] : Login successfully with 
[2021-11-11 09:09:52 周四] : Sytem is starting...
[2021-11-11 09:09:52 周四] : Sytem is started successfully
[2021-11-11 09:09:53 周四] : Login successfully with 
[2021-11-11 09:11:53 周四] : Sytem is starting...
[2021-11-11 09:11:53 周四] : Sytem is started successfully
[2021-11-11 09:11:54 周四] : Login successfully with 
[2021-11-11 09:14:15 周四] : Sytem is starting...
[2021-11-11 09:14:15 周四] : Sytem is started successfully
[2021-11-11 09:14:16 周四] : Login successfully with 
[2021-11-11 09:17:27 周四] : Sytem is starting...
[2021-11-11 09:17:28 周四] : Sytem is started successfully
[2021-11-11 09:17:29 周四] : Login successfully with 
[2021-11-11 09:18:46 周四] : Sytem is starting...
[2021-11-11 09:18:46 周四] : Sytem is started successfully
[2021-11-11 09:18:47 周四] : Login successfully with 
[2021-11-11 09:19:02 周四] : Sytem is starting...
[2021-11-11 09:19:02 周四] : Sytem is started successfully
[2021-11-11 09:19:03 周四] : Login successfully with 
[2021-11-11 09:20:27 周四] : Sytem is starting...
[2021-11-11 09:20:27 周四] : Sytem is started successfully
[2021-11-11 09:20:28 周四] : Login successfully with 
[2021-11-11 09:21:06 周四] : Sytem is starting...
[2021-11-11 09:21:07 周四] : Sytem is started successfully
[2021-11-11 09:21:07 周四] : Login successfully with 
[2021-11-11 09:21:54 周四] : Sytem is starting...
[2021-11-11 09:21:54 周四] : Sytem is started successfully
[2021-11-11 09:21:55 周四] : Login successfully with 
[2021-11-11 09:25:40 周四] : Sytem is starting...
[2021-11-11 09:25:40 周四] : Sytem is started successfully
[2021-11-11 09:25:41 周四] : Login successfully with 
[2021-11-11 09:25:53 周四] : Sytem is starting...
[2021-11-11 09:25:53 周四] : Sytem is started successfully
[2021-11-11 09:25:54 周四] : Login successfully with 
[2021-11-11 09:26:11 周四] : Sytem is starting...
[2021-11-11 09:26:11 周四] : Sytem is started successfully
[2021-11-11 09:26:12 周四] : Login successfully with 
[2021-11-11 09:27:26 周四] : Sytem is starting...
[2021-11-11 09:27:26 周四] : Sytem is started successfully
[2021-11-11 09:27:27 周四] : Login successfully with 
[2021-11-11 09:28:51 周四] : Sytem is starting...
[2021-11-11 09:28:51 周四] : Sytem is started successfully
[2021-11-11 09:28:52 周四] : Login successfully with 
[2021-11-11 09:29:14 周四] : Sytem is starting...
[2021-11-11 09:29:14 周四] : Sytem is started successfully
[2021-11-11 09:29:15 周四] : Login successfully with 
[2021-11-11 09:31:01 周四] : Sytem is starting...
[2021-11-11 09:31:01 周四] : Sytem is started successfully
[2021-11-11 09:31:02 周四] : Login successfully with 
[2021-11-11 09:31:24 周四] : Sytem is starting...
[2021-11-11 09:31:24 周四] : Sytem is started successfully
[2021-11-11 09:31:25 周四] : Login successfully with 
[2021-11-11 09:32:52 周四] : Sytem is starting...
[2021-11-11 09:32:52 周四] : Sytem is started successfully
[2021-11-11 09:32:53 周四] : Login successfully with 
[2021-11-11 09:41:31 周四] : Sytem is starting...
[2021-11-11 09:41:31 周四] : Sytem is started successfully
[2021-11-11 09:41:33 周四] : Login successfully with 
[2021-11-11 09:42:36 周四] : Sytem is starting...
[2021-11-11 09:42:36 周四] : Sytem is started successfully
[2021-11-11 09:42:37 周四] : Login successfully with 
[2021-11-11 09:43:44 周四] : Sytem is starting...
[2021-11-11 09:43:44 周四] : Sytem is started successfully
[2021-11-11 09:43:46 周四] : Login successfully with 
[2021-11-11 09:44:52 周四] : Sytem is starting...
[2021-11-11 09:44:52 周四] : Sytem is started successfully
[2021-11-11 09:44:53 周四] : Login successfully with 
[2021-11-11 09:45:07 周四] : Sytem is starting...
[2021-11-11 09:45:07 周四] : Sytem is started successfully
[2021-11-11 09:45:08 周四] : Login successfully with 
[2021-11-11 09:45:26 周四] : Sytem is starting...
[2021-11-11 09:45:26 周四] : Sytem is started successfully
[2021-11-11 09:45:27 周四] : Login successfully with 
[2021-11-11 09:46:10 周四] : Sytem is starting...
[2021-11-11 09:46:10 周四] : Sytem is started successfully
[2021-11-11 09:46:12 周四] : Login successfully with 
[2021-11-11 09:50:24 周四] : Sytem is starting...
[2021-11-11 09:50:24 周四] : Sytem is started successfully
[2021-11-11 09:50:25 周四] : Login successfully with 
[2021-11-11 09:51:51 周四] : Sytem is starting...
[2021-11-11 09:51:51 周四] : Sytem is started successfully
[2021-11-11 09:51:53 周四] : Login successfully with 
[2021-11-11 09:52:35 周四] : Sytem is starting...
[2021-11-11 09:52:35 周四] : Sytem is started successfully
[2021-11-11 09:52:37 周四] : Login successfully with 
[2021-11-11 09:58:22 周四] : Sytem is starting...
[2021-11-11 09:58:22 周四] : Sytem is started successfully
[2021-11-11 09:58:23 周四] : Login successfully with 
[2021-11-11 10:00:27 周四] : Sytem is starting...
[2021-11-11 10:00:27 周四] : Sytem is started successfully
[2021-11-11 10:00:28 周四] : Login successfully with 
[2021-11-11 10:05:39 周四] : Sytem is starting...
[2021-11-11 10:05:39 周四] : Sytem is started successfully
[2021-11-11 10:05:39 周四] : Login successfully with 
[2021-11-11 10:06:50 周四] : Sytem is starting...
[2021-11-11 10:06:50 周四] : Sytem is started successfully
[2021-11-11 10:06:51 周四] : Login successfully with 
[2021-11-11 10:07:20 周四] : Sytem is starting...
[2021-11-11 10:07:20 周四] : Sytem is started successfully
[2021-11-11 10:07:21 周四] : Login successfully with 
[2021-11-11 10:07:55 周四] : Sytem is starting...
[2021-11-11 10:07:56 周四] : Sytem is started successfully
[2021-11-11 10:07:57 周四] : Login successfully with 
[2021-11-11 10:09:50 周四] : Sytem is starting...
[2021-11-11 10:09:50 周四] : Sytem is started successfully
[2021-11-11 10:09:51 周四] : Login successfully with 
[2021-11-11 10:11:00 周四] : Sytem is starting...
[2021-11-11 10:11:00 周四] : Sytem is started successfully
[2021-11-11 10:11:02 周四] : Login successfully with 
[2021-11-11 10:11:21 周四] : Sytem is starting...
[2021-11-11 10:11:21 周四] : Sytem is started successfully
[2021-11-11 10:11:22 周四] : Login successfully with 
[2021-11-11 10:13:01 周四] : Sytem is starting...
[2021-11-11 10:13:01 周四] : Sytem is started successfully
[2021-11-11 10:13:02 周四] : Login successfully with 
[2021-11-11 10:13:21 周四] : Sytem is starting...
[2021-11-11 10:13:21 周四] : Sytem is started successfully
[2021-11-11 10:13:22 周四] : Login successfully with 
[2021-11-11 10:13:49 周四] : Sytem is starting...
[2021-11-11 10:13:49 周四] : Sytem is started successfully
[2021-11-11 10:13:50 周四] : Login successfully with 
[2021-11-11 10:14:20 周四] : Sytem is starting...
[2021-11-11 10:14:20 周四] : Sytem is started successfully
[2021-11-11 10:14:21 周四] : Login successfully with 
[2021-11-11 10:14:35 周四] : Sytem is starting...
[2021-11-11 10:14:35 周四] : Sytem is started successfully
[2021-11-11 10:14:36 周四] : Login successfully with 
[2021-11-11 10:14:51 周四] : Sytem is starting...
[2021-11-11 10:14:51 周四] : Sytem is started successfully
[2021-11-11 10:14:52 周四] : Login successfully with 
[2021-11-11 10:17:15 周四] : Sytem is starting...
[2021-11-11 10:17:15 周四] : Sytem is started successfully
[2021-11-11 10:17:16 周四] : Login successfully with 
[2021-11-11 10:17:52 周四] : Sytem is starting...
[2021-11-11 10:17:52 周四] : Sytem is started successfully
[2021-11-11 10:17:53 周四] : Login successfully with 
[2021-11-11 10:18:57 周四] : Sytem is starting...
[2021-11-11 10:18:57 周四] : Sytem is started successfully
[2021-11-11 10:18:59 周四] : Login successfully with 
[2021-11-11 10:19:32 周四] : Sytem is starting...
[2021-11-11 10:19:32 周四] : Sytem is started successfully
[2021-11-11 10:19:33 周四] : Login successfully with 
[2021-11-11 10:19:52 周四] : Sytem is starting...
[2021-11-11 10:19:52 周四] : Sytem is started successfully
[2021-11-11 10:19:53 周四] : Login successfully with 
[2021-11-11 10:21:38 周四] : Sytem is starting...
[2021-11-11 10:21:38 周四] : Sytem is started successfully
[2021-11-11 10:21:39 周四] : Login successfully with 
[2021-11-11 10:25:34 周四] : Sytem is starting...
[2021-11-11 10:25:34 周四] : Sytem is started successfully
[2021-11-11 10:25:36 周四] : Login successfully with 
[2021-11-11 10:26:16 周四] : Sytem is starting...
[2021-11-11 10:26:16 周四] : Sytem is started successfully
[2021-11-11 10:26:17 周四] : Login successfully with 
[2021-11-11 10:26:55 周四] : Sytem is starting...
[2021-11-11 10:26:55 周四] : Sytem is started successfully
[2021-11-11 10:26:56 周四] : Login successfully with 
[2021-11-11 10:27:12 周四] : Sytem is starting...
[2021-11-11 10:27:12 周四] : Sytem is started successfully
[2021-11-11 10:27:13 周四] : Login successfully with 
[2021-11-11 10:30:28 周四] : Sytem is starting...
[2021-11-11 10:30:28 周四] : Sytem is started successfully
[2021-11-11 10:30:29 周四] : Login successfully with 
[2021-11-11 10:31:28 周四] : Sytem is starting...
[2021-11-11 10:31:28 周四] : Sytem is started successfully
[2021-11-11 10:31:29 周四] : Login successfully with 
[2021-11-11 10:40:57 周四] : Sytem is starting...
[2021-11-11 10:40:57 周四] : Sytem is started successfully
[2021-11-11 10:40:58 周四] : Login successfully with 
[2021-11-11 10:42:50 周四] : Sytem is starting...
[2021-11-11 10:42:50 周四] : Sytem is started successfully
[2021-11-11 10:42:51 周四] : Login successfully with 
[2021-11-11 11:06:57 周四] : Sytem is starting...
[2021-11-11 11:06:57 周四] : Sytem is started successfully
[2021-11-11 11:06:58 周四] : Login successfully with 
[2021-11-11 11:07:14 周四] : Sytem is starting...
[2021-11-11 11:07:14 周四] : Sytem is started successfully
[2021-11-11 11:07:15 周四] : Login successfully with 
[2021-11-11 11:12:00 周四] : Sytem is starting...
[2021-11-11 11:12:00 周四] : Sytem is started successfully
[2021-11-11 11:12:01 周四] : Login successfully with 
[2021-11-11 11:13:47 周四] : Sytem is starting...
[2021-11-11 11:13:47 周四] : Sytem is started successfully
[2021-11-11 11:13:48 周四] : Login successfully with 
[2021-11-11 11:17:01 周四] : Sytem is starting...
[2021-11-11 11:17:01 周四] : Sytem is started successfully
[2021-11-11 11:17:02 周四] : Login successfully with 
[2021-11-11 11:17:26 周四] : Sytem is starting...
[2021-11-11 11:17:26 周四] : Sytem is started successfully
[2021-11-11 11:17:27 周四] : Login successfully with 
[2021-11-11 11:17:54 周四] : Sytem is starting...
[2021-11-11 11:17:54 周四] : Sytem is started successfully
[2021-11-11 11:17:55 周四] : Login successfully with 
[2021-11-11 11:18:52 周四] : Sytem is starting...
[2021-11-11 11:18:52 周四] : Sytem is started successfully
[2021-11-11 11:18:53 周四] : Login successfully with 
[2021-11-11 11:19:19 周四] : Sytem is starting...
[2021-11-11 11:19:19 周四] : Sytem is started successfully
[2021-11-11 11:19:20 周四] : Login successfully with 
[2021-11-11 11:32:42 周四] : Sytem is starting...
[2021-11-11 11:32:43 周四] : Sytem is started successfully
[2021-11-11 11:32:44 周四] : Login successfully with 
[2021-11-11 11:34:11 周四] : Sytem is starting...
[2021-11-11 11:34:11 周四] : Sytem is started successfully
[2021-11-11 11:34:13 周四] : Login successfully with 
[2021-11-11 11:40:18 周四] : Sytem is starting...
[2021-11-11 11:40:18 周四] : Sytem is started successfully
[2021-11-11 11:40:20 周四] : Login successfully with 
[2021-11-11 11:48:16 周四] : Sytem is starting...
[2021-11-11 11:48:16 周四] : Sytem is started successfully
[2021-11-11 11:48:17 周四] : Login successfully with 
[2021-11-11 11:51:38 周四] : Sytem is starting...
[2021-11-11 11:51:38 周四] : Sytem is started successfully
[2021-11-11 11:51:43 周四] : Login successfully with 
[2021-11-11 11:52:59 周四] : Sytem is starting...
[2021-11-11 11:52:59 周四] : Sytem is started successfully
[2021-11-11 11:53:01 周四] : Login successfully with 
[2021-11-11 11:54:04 周四] : Sytem is starting...
[2021-11-11 11:54:04 周四] : Sytem is started successfully
[2021-11-11 11:54:06 周四] : Login successfully with 
[2021-11-11 11:54:28 周四] : Sytem is starting...
[2021-11-11 11:54:28 周四] : Sytem is started successfully
[2021-11-11 11:54:30 周四] : Login successfully with 
[2021-11-11 11:56:29 周四] : Sytem is starting...
[2021-11-11 11:56:29 周四] : Sytem is started successfully
[2021-11-11 11:56:30 周四] : Login successfully with 
[2021-11-11 11:59:44 周四] : Sytem is starting...
[2021-11-11 11:59:45 周四] : Sytem is started successfully
[2021-11-11 11:59:47 周四] : Login successfully with 
[2021-11-11 12:25:47 周四] : Sytem is starting...
[2021-11-11 12:25:47 周四] : Sytem is started successfully
[2021-11-11 12:25:49 周四] : Login successfully with 
[2021-11-11 12:26:50 周四] : Sytem is starting...
[2021-11-11 12:26:50 周四] : Sytem is started successfully
[2021-11-11 12:26:51 周四] : Login successfully with 
[2021-11-11 12:28:12 周四] : Sytem is starting...
[2021-11-11 12:28:12 周四] : Sytem is started successfully
[2021-11-11 12:28:13 周四] : Login successfully with 
[2021-11-11 14:02:12 周四] : Sytem is starting...
[2021-11-11 14:02:12 周四] : Sytem is started successfully
[2021-11-11 14:02:49 周四] : Login successfully with 
[2021-11-11 14:13:05 周四] : Sytem is starting...
[2021-11-11 14:13:05 周四] : Sytem is started successfully
[2021-11-11 14:13:07 周四] : Login successfully with 
[2021-11-11 14:13:52 周四] : Sytem is starting...
[2021-11-11 14:13:52 周四] : Sytem is started successfully
[2021-11-11 14:14:14 周四] : Login successfully with 
[2021-11-11 14:20:26 周四] : Sytem is starting...
[2021-11-11 14:20:26 周四] : Sytem is started successfully
[2021-11-11 14:20:27 周四] : Login successfully with 
[2021-11-11 14:21:46 周四] : Sytem is starting...
[2021-11-11 14:21:46 周四] : Sytem is started successfully
[2021-11-11 14:21:47 周四] : Login successfully with 
[2021-11-11 14:23:03 周四] : Sytem is starting...
[2021-11-11 14:23:03 周四] : Sytem is started successfully
[2021-11-11 14:23:04 周四] : Login successfully with 
[2021-11-11 14:27:14 周四] : Sytem is starting...
[2021-11-11 14:27:14 周四] : Sytem is started successfully
[2021-11-11 14:27:16 周四] : Login successfully with 
[2021-11-11 14:28:22 周四] : Sytem is starting...
[2021-11-11 14:28:22 周四] : Sytem is started successfully
[2021-11-11 14:28:23 周四] : Login successfully with 
[2021-11-11 14:29:44 周四] : Sytem is starting...
[2021-11-11 14:29:44 周四] : Sytem is started successfully
[2021-11-11 14:29:45 周四] : Login successfully with 
[2021-11-11 14:31:36 周四] : Sytem is starting...
[2021-11-11 14:31:36 周四] : Sytem is started successfully
[2021-11-11 14:31:37 周四] : Login successfully with 
[2021-11-11 15:14:19 周四] : Sytem is starting...
[2021-11-11 15:14:19 周四] : Sytem is started successfully
[2021-11-11 15:14:21 周四] : Login successfully with 
[2021-11-11 15:25:24 周四] : Sytem is starting...
[2021-11-11 15:25:24 周四] : Sytem is started successfully
[2021-11-11 15:25:27 周四] : Login successfully with 
[2021-11-11 16:39:22 周四] : Sytem is starting...
[2021-11-11 16:39:22 周四] : Sytem is started successfully
[2021-11-11 16:39:23 周四] : Login successfully with 
[2021-11-11 16:44:16 周四] : Sytem is starting...
[2021-11-11 16:44:17 周四] : Sytem is started successfully
[2021-11-11 16:44:18 周四] : Login successfully with 
[2021-11-11 20:41:41 周四] : Sytem is starting...
[2021-11-11 20:41:41 周四] : Sytem is started successfully
[2021-11-11 20:41:43 周四] : Login successfully with 
[2021-11-11 20:50:42 周四] : Sytem is starting...
[2021-11-11 20:50:42 周四] : Sytem is started successfully
[2021-11-11 20:50:44 周四] : Login successfully with 
[2021-11-11 20:53:07 周四] : Sytem is starting...
[2021-11-11 20:53:07 周四] : Sytem is started successfully
[2021-11-11 20:53:08 周四] : Login successfully with 
[2021-11-11 20:55:07 周四] : Sytem is starting...
[2021-11-11 20:55:07 周四] : Sytem is started successfully
[2021-11-11 20:55:08 周四] : Login successfully with 
[2021-11-11 20:56:17 周四] : Sytem is starting...
[2021-11-11 20:56:17 周四] : Sytem is started successfully
[2021-11-11 20:56:19 周四] : Login successfully with 
[2021-11-11 20:56:58 周四] : Sytem is starting...
[2021-11-11 20:56:58 周四] : Sytem is started successfully
[2021-11-11 20:56:59 周四] : Login successfully with 
[2021-11-11 20:57:32 周四] : Sytem is starting...
[2021-11-11 20:57:32 周四] : Sytem is started successfully
[2021-11-11 20:57:35 周四] : Login successfully with 
[2021-11-11 21:02:08 周四] : Sytem is starting...
[2021-11-11 21:02:08 周四] : Sytem is started successfully
[2021-11-11 21:02:09 周四] : Login successfully with 
[2021-11-11 21:03:49 周四] : Sytem is starting...
[2021-11-11 21:03:49 周四] : Sytem is started successfully
[2021-11-11 21:03:50 周四] : Login successfully with 
[2021-11-11 21:06:36 周四] : Sytem is starting...
[2021-11-11 21:06:36 周四] : Sytem is started successfully
[2021-11-11 21:06:43 周四] : Login successfully with 
[2021-11-11 21:07:49 周四] : Sytem is starting...
[2021-11-11 21:07:49 周四] : Sytem is started successfully
[2021-11-11 21:07:50 周四] : Login successfully with 
[2021-11-11 21:09:35 周四] : Sytem is starting...
[2021-11-11 21:09:36 周四] : Sytem is started successfully
[2021-11-11 21:09:37 周四] : Login successfully with 
[2021-11-11 21:10:25 周四] : Sytem is starting...
[2021-11-11 21:10:25 周四] : Sytem is started successfully
[2021-11-11 21:10:27 周四] : Login successfully with 
[2021-11-11 21:12:27 周四] : Sytem is starting...
[2021-11-11 21:12:27 周四] : Sytem is started successfully
[2021-11-11 21:12:29 周四] : Login successfully with 
[2021-11-11 21:14:45 周四] : Sytem is starting...
[2021-11-11 21:14:45 周四] : Sytem is started successfully
[2021-11-11 21:14:46 周四] : Login successfully with 
[2021-11-11 21:15:15 周四] : Sytem is starting...
[2021-11-11 21:15:15 周四] : Sytem is started successfully
[2021-11-11 21:15:16 周四] : Login successfully with 
[2021-11-11 21:15:42 周四] : Sytem is starting...
[2021-11-11 21:15:42 周四] : Sytem is started successfully
[2021-11-11 21:15:53 周四] : Login successfully with admin
[2021-11-11 21:17:05 周四] : Sytem is starting...
[2021-11-11 21:17:06 周四] : Sytem is started successfully
[2021-11-11 21:17:07 周四] : Login successfully with 
[2021-11-11 21:23:00 周四] : Sytem is starting...
[2021-11-11 21:23:00 周四] : Sytem is started successfully
[2021-11-11 21:23:01 周四] : Login successfully with 
[2021-11-11 21:25:08 周四] : Sytem is starting...
[2021-11-11 21:25:08 周四] : Sytem is started successfully
[2021-11-11 21:25:09 周四] : Login successfully with 
[2021-11-11 21:25:39 周四] : Sytem is starting...
[2021-11-11 21:25:39 周四] : Sytem is started successfully
[2021-11-11 21:25:40 周四] : Login successfully with 
[2021-11-11 21:41:07 周四] : Sytem is starting...
[2021-11-11 21:41:07 周四] : Sytem is started successfully
[2021-11-11 21:41:08 周四] : Login successfully with 
[2021-11-11 21:48:14 周四] : Sytem is starting...
[2021-11-11 21:48:15 周四] : Sytem is started successfully
[2021-11-11 21:48:16 周四] : Login successfully with 
[2021-11-11 21:49:20 周四] : Sytem is starting...
[2021-11-11 21:49:21 周四] : Sytem is started successfully
[2021-11-11 21:49:23 周四] : Login successfully with 
[2021-11-11 21:50:44 周四] : Sytem is starting...
[2021-11-11 21:50:44 周四] : Sytem is started successfully
[2021-11-11 21:50:45 周四] : Login successfully with 
[2021-11-11 21:52:40 周四] : Sytem is starting...
[2021-11-11 21:52:40 周四] : Sytem is started successfully
[2021-11-11 21:52:41 周四] : Login successfully with 
[2021-11-11 21:53:48 周四] : Sytem is starting...
[2021-11-11 21:53:48 周四] : Sytem is started successfully
[2021-11-11 21:53:50 周四] : Login successfully with 
[2021-11-11 21:59:24 周四] : Sytem is starting...
[2021-11-11 21:59:25 周四] : Sytem is started successfully
[2021-11-11 21:59:26 周四] : Login successfully with 
[2021-11-11 22:07:21 周四] : Sytem is starting...
[2021-11-11 22:07:21 周四] : Sytem is started successfully
[2021-11-11 22:07:22 周四] : Login successfully with 
[2021-11-11 22:14:43 周四] : Sytem is starting...
[2021-11-11 22:14:43 周四] : Sytem is started successfully
[2021-11-11 22:14:45 周四] : Login successfully with 
[2021-11-11 22:20:21 周四] : Sytem is starting...
[2021-11-11 22:20:21 周四] : Sytem is started successfully
[2021-11-11 22:20:22 周四] : Login successfully with 
[2021-11-11 22:22:54 周四] : Sytem is starting...
[2021-11-11 22:22:54 周四] : Sytem is started successfully
[2021-11-11 22:22:56 周四] : Login successfully with 
[2021-11-11 22:24:48 周四] : Sytem is starting...
[2021-11-11 22:24:48 周四] : Sytem is started successfully
[2021-11-11 22:24:49 周四] : Login successfully with 
[2021-11-11 22:25:39 周四] : Sytem is starting...
[2021-11-11 22:25:40 周四] : Sytem is started successfully
[2021-11-11 22:25:41 周四] : Login successfully with 
[2021-11-11 22:28:20 周四] : Sytem is starting...
[2021-11-11 22:28:20 周四] : Sytem is started successfully
[2021-11-11 22:28:21 周四] : Login successfully with 
[2021-11-11 22:28:37 周四] : Login successfully with 
[2021-11-12 08:35:20 周五] : Sytem is starting...
[2021-11-12 08:35:20 周五] : Sytem is started successfully
[2021-11-12 08:35:21 周五] : Login successfully with 
[2021-11-12 09:16:32 周五] : Sytem is starting...
[2021-11-12 09:16:32 周五] : Sytem is started successfully
[2021-11-12 09:16:33 周五] : Login successfully with 
[2021-11-12 09:24:24 周五] : Sytem is starting...
[2021-11-12 09:24:24 周五] : Sytem is started successfully
[2021-11-12 09:24:26 周五] : Login successfully with 
[2021-11-12 09:51:47 周五] : Sytem is starting...
[2021-11-12 09:51:47 周五] : Sytem is started successfully
[2021-11-12 09:51:48 周五] : Login successfully with 
[2021-11-12 09:54:36 周五] : Sytem is starting...
[2021-11-12 09:54:36 周五] : Sytem is started successfully
[2021-11-12 09:54:37 周五] : Login successfully with 
[2021-11-12 09:56:06 周五] : Sytem is starting...
[2021-11-12 09:56:07 周五] : Sytem is started successfully
[2021-11-12 09:56:08 周五] : Login successfully with 
[2021-11-12 09:57:17 周五] : Sytem is starting...
[2021-11-12 09:57:17 周五] : Sytem is started successfully
[2021-11-12 09:57:19 周五] : Login successfully with 
[2021-11-12 10:00:27 周五] : Sytem is starting...
[2021-11-12 10:00:27 周五] : Sytem is started successfully
[2021-11-12 10:00:29 周五] : Login successfully with 
[2021-11-12 10:05:48 周五] : Sytem is starting...
[2021-11-12 10:05:48 周五] : Sytem is started successfully
[2021-11-12 10:05:49 周五] : Login successfully with 
[2021-11-12 10:11:16 周五] : Sytem is starting...
[2021-11-12 10:11:16 周五] : Sytem is started successfully
[2021-11-12 10:11:17 周五] : Login successfully with 
[2021-11-12 10:19:38 周五] : Sytem is starting...
[2021-11-12 10:19:38 周五] : Sytem is started successfully
[2021-11-12 10:19:39 周五] : Login successfully with 
[2021-11-12 10:20:37 周五] : Sytem is starting...
[2021-11-12 10:20:37 周五] : Sytem is started successfully
[2021-11-12 10:20:38 周五] : Login successfully with 
[2021-11-12 10:22:57 周五] : Sytem is starting...
[2021-11-12 10:22:57 周五] : Sytem is started successfully
[2021-11-12 10:22:58 周五] : Login successfully with 
[2021-11-12 10:25:57 周五] : Sytem is starting...
[2021-11-12 10:25:57 周五] : Sytem is started successfully
[2021-11-12 10:25:58 周五] : Login successfully with 
[2021-11-12 10:27:49 周五] : Sytem is starting...
[2021-11-12 10:27:49 周五] : Sytem is started successfully
[2021-11-12 10:27:50 周五] : Login successfully with 
[2021-11-12 10:28:58 周五] : Sytem is starting...
[2021-11-12 10:28:58 周五] : Sytem is started successfully
[2021-11-12 10:29:00 周五] : Login successfully with 
[2021-11-12 10:29:51 周五] : Sytem is starting...
[2021-11-12 10:29:51 周五] : Sytem is started successfully
[2021-11-12 10:29:52 周五] : Login successfully with 
[2021-11-12 11:51:20 周五] : Sytem is starting...
[2021-11-12 11:51:20 周五] : Sytem is started successfully
[2021-11-12 11:59:48 周五] : Sytem is starting...
[2021-11-12 11:59:48 周五] : Sytem is started successfully
[2021-11-12 11:59:50 周五] : Login successfully with 
[2021-11-12 12:00:48 周五] : Sytem is starting...
[2021-11-12 12:00:48 周五] : Sytem is started successfully
[2021-11-12 12:00:49 周五] : Login successfully with 
[2021-11-12 12:02:41 周五] : Sytem is starting...
[2021-11-12 12:02:41 周五] : Sytem is started successfully
[2021-11-12 12:02:42 周五] : Login successfully with 
[2021-11-12 12:02:58 周五] : Sytem is starting...
[2021-11-12 12:02:58 周五] : Sytem is started successfully
[2021-11-12 12:02:59 周五] : Login successfully with 
[2021-11-12 12:03:36 周五] : Sytem is starting...
[2021-11-12 12:03:36 周五] : Sytem is started successfully
[2021-11-12 12:03:37 周五] : Login successfully with 
[2021-11-12 12:03:45 周五] : Login successfully with 
[2021-11-12 12:06:06 周五] : Sytem is starting...
[2021-11-12 12:06:06 周五] : Sytem is started successfully
[2021-11-12 12:06:07 周五] : Login successfully with 
[2021-11-12 12:06:28 周五] : Sytem is starting...
[2021-11-12 12:06:28 周五] : Sytem is started successfully
[2021-11-12 12:06:29 周五] : Login successfully with 
[2021-11-12 12:11:25 周五] : Sytem is starting...
[2021-11-12 12:11:25 周五] : Sytem is started successfully
[2021-11-12 12:11:26 周五] : Login successfully with 
[2021-11-12 12:14:21 周五] : Sytem is starting...
[2021-11-12 12:14:21 周五] : Sytem is started successfully
[2021-11-12 12:14:24 周五] : Login successfully with 
[2021-11-12 13:45:42 周五] : Sytem is starting...
[2021-11-12 13:45:42 周五] : Sytem is started successfully
[2021-11-12 13:45:46 周五] : Login successfully with 
[2021-11-12 13:48:30 周五] : Sytem is starting...
[2021-11-12 13:48:30 周五] : Sytem is started successfully
[2021-11-12 13:48:32 周五] : Login successfully with 
[2021-11-12 13:57:59 周五] : Sytem is starting...
[2021-11-12 13:58:00 周五] : Sytem is started successfully
[2021-11-12 13:58:01 周五] : Login successfully with 
[2021-11-12 14:01:42 周五] : Sytem is starting...
[2021-11-12 14:01:42 周五] : Sytem is started successfully
[2021-11-12 14:01:43 周五] : Login successfully with 
[2021-11-12 14:02:01 周五] : Sytem is starting...
[2021-11-12 14:02:01 周五] : Sytem is started successfully
[2021-11-12 14:02:21 周五] : Sytem is starting...
[2021-11-12 14:02:21 周五] : Sytem is started successfully
[2021-11-12 14:02:23 周五] : Login successfully with 
[2021-11-12 14:03:23 周五] : Sytem is starting...
[2021-11-12 14:03:23 周五] : Sytem is started successfully
[2021-11-12 14:03:25 周五] : Login successfully with 
[2021-11-12 14:15:04 周五] : Sytem is starting...
[2021-11-12 14:15:04 周五] : Sytem is started successfully
[2021-11-12 14:15:07 周五] : Login successfully with 
[2021-11-12 14:16:03 周五] : Sytem is starting...
[2021-11-12 14:16:03 周五] : Sytem is started successfully
[2021-11-12 14:16:04 周五] : Login successfully with 
[2021-11-12 14:17:07 周五] : Sytem is starting...
[2021-11-12 14:17:07 周五] : Sytem is started successfully
[2021-11-12 14:17:08 周五] : Login successfully with 
[2021-11-12 14:20:43 周五] : Sytem is starting...
[2021-11-12 14:20:43 周五] : Sytem is started successfully
[2021-11-12 14:20:44 周五] : Login successfully with 
[2021-11-12 14:22:25 周五] : Sytem is starting...
[2021-11-12 14:22:25 周五] : Sytem is started successfully
[2021-11-12 14:22:26 周五] : Login successfully with 
[2021-11-12 14:34:31 周五] : Sytem is starting...
[2021-11-12 14:34:31 周五] : Sytem is started successfully
[2021-11-12 14:34:32 周五] : Login successfully with 
[2021-11-12 14:40:37 周五] : Sytem is starting...
[2021-11-12 14:40:37 周五] : Sytem is started successfully
[2021-11-12 14:40:38 周五] : Login successfully with 
[2021-11-12 14:42:52 周五] : Sytem is starting...
[2021-11-12 14:42:52 周五] : Sytem is started successfully
[2021-11-12 14:42:53 周五] : Login successfully with 
[2021-11-12 14:48:22 周五] : Sytem is starting...
[2021-11-12 14:48:22 周五] : Sytem is started successfully
[2021-11-12 14:48:23 周五] : Login successfully with 
[2021-11-12 14:54:36 周五] : Sytem is starting...
[2021-11-12 14:54:36 周五] : Sytem is started successfully
[2021-11-12 14:54:37 周五] : Login successfully with 
[2021-11-12 15:50:49 周五] : Sytem is starting...
[2021-11-12 15:50:49 周五] : Sytem is started successfully
[2021-11-12 15:51:22 周五] : Sytem is starting...
[2021-11-12 15:51:22 周五] : Sytem is started successfully
[2021-11-12 15:51:23 周五] : Login successfully with 
[2021-11-12 16:44:32 周五] : Sytem is starting...
[2021-11-12 16:44:32 周五] : Sytem is started successfully
[2021-11-12 16:44:34 周五] : Login successfully with 
[2021-11-12 16:47:39 周五] : Sytem is starting...
[2021-11-12 16:47:39 周五] : Sytem is started successfully
[2021-11-12 16:47:40 周五] : Login successfully with 
[2021-11-12 16:48:12 周五] : Sytem is starting...
[2021-11-12 16:48:12 周五] : Sytem is started successfully
[2021-11-12 16:48:13 周五] : Login successfully with 
[2021-11-12 16:48:35 周五] : Sytem is starting...
[2021-11-12 16:48:35 周五] : Sytem is started successfully
[2021-11-12 16:48:36 周五] : Login successfully with 
[2021-11-12 16:48:51 周五] : Sytem is starting...
[2021-11-12 16:48:51 周五] : Sytem is started successfully
[2021-11-12 16:48:52 周五] : Login successfully with 
[2021-11-12 16:53:57 周五] : Sytem is starting...
[2021-11-12 16:53:57 周五] : Sytem is started successfully
[2021-11-12 16:53:59 周五] : Login successfully with 
[2021-11-12 16:56:25 周五] : Sytem is starting...
[2021-11-12 16:56:25 周五] : Sytem is started successfully
[2021-11-12 16:56:26 周五] : Login successfully with 
[2021-11-12 16:57:39 周五] : Sytem is starting...
[2021-11-12 16:57:39 周五] : Sytem is started successfully
[2021-11-12 16:57:40 周五] : Login successfully with 
[2021-11-12 16:58:45 周五] : Sytem is starting...
[2021-11-12 16:58:45 周五] : Sytem is started successfully
[2021-11-12 16:58:46 周五] : Login successfully with 
[2021-11-12 17:03:34 周五] : Sytem is starting...
[2021-11-12 17:03:34 周五] : Sytem is started successfully
[2021-11-12 17:03:36 周五] : Login successfully with 
[2021-11-12 17:07:49 周五] : Sytem is starting...
[2021-11-12 17:07:49 周五] : Sytem is started successfully
[2021-11-12 17:07:51 周五] : Login successfully with 
[2021-11-12 17:09:27 周五] : Sytem is starting...
[2021-11-12 17:09:27 周五] : Sytem is started successfully
[2021-11-12 17:09:28 周五] : Login successfully with 
[2021-11-12 17:10:19 周五] : Sytem is starting...
[2021-11-12 17:10:19 周五] : Sytem is started successfully
[2021-11-12 17:10:20 周五] : Login successfully with 
[2021-11-12 17:10:46 周五] : Sytem is starting...
[2021-11-12 17:10:46 周五] : Sytem is started successfully
[2021-11-12 17:10:52 周五] : Login successfully with 
[2021-11-12 17:11:53 周五] : Sytem is starting...
[2021-11-12 17:11:54 周五] : Sytem is started successfully
[2021-11-12 17:11:55 周五] : Login successfully with 
[2021-11-12 19:03:59 周五] : Sytem is starting...
[2021-11-12 19:03:59 周五] : Sytem is started successfully
[2021-11-12 19:04:00 周五] : Login successfully with 
[2021-11-12 19:05:37 周五] : Sytem is starting...
[2021-11-12 19:05:37 周五] : Sytem is started successfully
[2021-11-12 19:05:38 周五] : Login successfully with 
[2021-11-12 19:19:20 周五] : Sytem is starting...
[2021-11-12 19:19:20 周五] : Sytem is started successfully
[2021-11-12 19:19:21 周五] : Login successfully with 
[2021-11-12 19:30:45 周五] : Sytem is starting...
[2021-11-12 19:30:45 周五] : Sytem is started successfully
[2021-11-12 19:30:46 周五] : Login successfully with 
[2021-11-12 19:36:27 周五] : Sytem is starting...
[2021-11-12 19:36:28 周五] : Sytem is started successfully
[2021-11-12 19:36:31 周五] : Login successfully with 
[2021-11-12 19:38:01 周五] : Sytem is starting...
[2021-11-12 19:38:01 周五] : Sytem is started successfully
[2021-11-12 19:38:02 周五] : Login successfully with 
[2021-11-12 19:39:43 周五] : Sytem is starting...
[2021-11-12 19:39:43 周五] : Sytem is started successfully
[2021-11-12 19:39:45 周五] : Login successfully with 
[2021-11-12 19:41:33 周五] : Sytem is starting...
[2021-11-12 19:41:33 周五] : Sytem is started successfully
[2021-11-12 19:41:34 周五] : Login successfully with 
[2021-11-12 19:41:59 周五] : Sytem is starting...
[2021-11-12 19:41:59 周五] : Sytem is started successfully
[2021-11-12 19:42:00 周五] : Login successfully with 
[2021-11-12 19:46:24 周五] : Sytem is starting...
[2021-11-12 19:46:24 周五] : Sytem is started successfully
[2021-11-12 19:46:25 周五] : Login successfully with 
[2021-11-12 19:51:39 周五] : Sytem is starting...
[2021-11-12 19:51:39 周五] : Sytem is started successfully
[2021-11-12 19:51:40 周五] : Login successfully with 
[2021-11-12 19:52:42 周五] : Sytem is starting...
[2021-11-12 19:52:42 周五] : Sytem is started successfully
[2021-11-12 19:52:43 周五] : Login successfully with 
[2021-11-12 19:53:05 周五] : Sytem is starting...
[2021-11-12 19:53:05 周五] : Sytem is started successfully
[2021-11-12 19:53:07 周五] : Login successfully with 
[2021-11-12 20:03:35 周五] : Sytem is starting...
[2021-11-12 20:03:36 周五] : Sytem is started successfully
[2021-11-12 20:03:37 周五] : Login successfully with 
[2021-11-12 20:03:53 周五] : Sytem is starting...
[2021-11-12 20:03:53 周五] : Sytem is started successfully
[2021-11-12 20:03:54 周五] : Login successfully with 
[2021-11-12 20:05:46 周五] : Sytem is starting...
[2021-11-12 20:05:46 周五] : Sytem is started successfully
[2021-11-12 20:05:47 周五] : Login successfully with 
[2021-11-12 20:06:54 周五] : Sytem is starting...
[2021-11-12 20:06:54 周五] : Sytem is started successfully
[2021-11-12 20:06:55 周五] : Login successfully with 
[2021-11-12 20:12:29 周五] : Sytem is starting...
[2021-11-12 20:12:29 周五] : Sytem is started successfully
[2021-11-12 20:12:31 周五] : Login successfully with 
[2021-11-12 20:13:34 周五] : Sytem is starting...
[2021-11-12 20:13:34 周五] : Sytem is started successfully
[2021-11-12 20:13:35 周五] : Login successfully with 
[2021-11-12 20:14:01 周五] : Sytem is starting...
[2021-11-12 20:14:01 周五] : Sytem is started successfully
[2021-11-12 20:14:02 周五] : Login successfully with 
[2021-11-12 20:19:50 周五] : Sytem is starting...
[2021-11-12 20:19:50 周五] : Sytem is started successfully
[2021-11-12 20:19:51 周五] : Login successfully with 
[2021-11-12 20:21:12 周五] : Sytem is starting...
[2021-11-12 20:21:13 周五] : Sytem is started successfully
[2021-11-12 20:21:14 周五] : Login successfully with 
[2021-11-12 20:25:21 周五] : Sytem is starting...
[2021-11-12 20:25:21 周五] : Sytem is started successfully
[2021-11-12 20:25:23 周五] : Login successfully with 
[2021-11-12 20:29:37 周五] : Sytem is starting...
[2021-11-12 20:29:37 周五] : Sytem is started successfully
[2021-11-12 20:29:39 周五] : Login successfully with 
[2021-11-12 20:31:02 周五] : Sytem is starting...
[2021-11-12 20:31:02 周五] : Sytem is started successfully
[2021-11-12 20:31:03 周五] : Login successfully with 
[2021-11-12 20:33:02 周五] : Sytem is starting...
[2021-11-12 20:33:02 周五] : Sytem is started successfully
[2021-11-12 20:33:25 周五] : Sytem is starting...
[2021-11-12 20:33:25 周五] : Sytem is started successfully
[2021-11-12 20:33:26 周五] : Login successfully with 
[2021-11-12 20:33:56 周五] : Sytem is starting...
[2021-11-12 20:33:56 周五] : Sytem is started successfully
[2021-11-12 20:33:57 周五] : Login successfully with 
[2021-11-12 20:34:55 周五] : Sytem is starting...
[2021-11-12 20:34:55 周五] : Sytem is started successfully
[2021-11-12 20:34:57 周五] : Login successfully with 
[2021-11-12 20:35:54 周五] : Sytem is starting...
[2021-11-12 20:35:54 周五] : Sytem is started successfully
[2021-11-12 20:35:56 周五] : Login successfully with 
[2021-11-12 20:46:19 周五] : Sytem is starting...
[2021-11-12 20:46:19 周五] : Sytem is started successfully
[2021-11-12 20:46:20 周五] : Login successfully with 
[2021-11-12 20:48:10 周五] : Sytem is starting...
[2021-11-12 20:48:10 周五] : Sytem is started successfully
[2021-11-12 20:48:11 周五] : Login successfully with 
[2021-11-12 20:50:47 周五] : Sytem is starting...
[2021-11-12 20:50:47 周五] : Sytem is started successfully
[2021-11-12 20:50:49 周五] : Login successfully with 
[2021-11-12 20:52:15 周五] : Sytem is starting...
[2021-11-12 20:52:15 周五] : Sytem is started successfully
[2021-11-12 20:52:16 周五] : Login successfully with 
[2021-11-12 20:55:30 周五] : Sytem is starting...
[2021-11-12 20:55:30 周五] : Sytem is started successfully
[2021-11-12 20:55:31 周五] : Login successfully with 
[2021-11-12 20:57:45 周五] : Sytem is starting...
[2021-11-12 20:57:46 周五] : Sytem is started successfully
[2021-11-12 20:57:47 周五] : Login successfully with 
[2021-11-12 20:58:19 周五] : Login successfully with 
[2021-11-12 21:04:34 周五] : Sytem is starting...
[2021-11-12 21:04:34 周五] : Sytem is started successfully
[2021-11-12 21:04:35 周五] : Login successfully with 
[2021-11-12 21:07:31 周五] : Sytem is starting...
[2021-11-12 21:07:31 周五] : Sytem is started successfully
[2021-11-12 21:08:05 周五] : Login successfully with 
[2021-11-12 21:09:18 周五] : Sytem is starting...
[2021-11-12 21:09:18 周五] : Sytem is started successfully
[2021-11-12 21:09:20 周五] : Login successfully with 
[2021-11-12 21:51:05 周五] : Sytem is starting...
[2021-11-12 21:51:05 周五] : Sytem is started successfully
[2021-11-12 21:51:06 周五] : Login successfully with 
[2021-11-12 22:11:35 周五] : Sytem is starting...
[2021-11-12 22:11:35 周五] : Sytem is started successfully
[2021-11-12 22:11:37 周五] : Login successfully with 
[2021-11-12 22:12:18 周五] : Sytem is starting...
[2021-11-12 22:12:18 周五] : Sytem is started successfully
[2021-11-12 22:12:19 周五] : Login successfully with 
[2021-11-12 22:13:08 周五] : Sytem is starting...
[2021-11-12 22:13:08 周五] : Sytem is started successfully
[2021-11-12 22:13:09 周五] : Login successfully with 
[2021-11-12 22:14:02 周五] : Sytem is starting...
[2021-11-12 22:14:02 周五] : Sytem is started successfully
[2021-11-12 22:14:03 周五] : Login successfully with 
[2021-11-12 22:15:34 周五] : Sytem is starting...
[2021-11-12 22:15:34 周五] : Sytem is started successfully
[2021-11-12 22:15:36 周五] : Login successfully with 
[2021-11-12 22:16:22 周五] : Sytem is starting...
[2021-11-12 22:16:22 周五] : Sytem is started successfully
[2021-11-12 22:16:48 周五] : Sytem is starting...
[2021-11-12 22:16:48 周五] : Sytem is started successfully
[2021-11-12 22:17:06 周五] : Sytem is starting...
[2021-11-12 22:17:06 周五] : Sytem is started successfully
[2021-11-12 22:17:09 周五] : Login successfully with 
[2021-11-12 22:17:42 周五] : Login successfully with 
[2021-11-12 22:17:46 周五] : Login successfully with 
